# Penalty = 38366.150748
114
0 16
0 34
0 99
1 43
2 48
3 2
3 68
5 73
6 21
6 77
7 86
8 61
11 36
11 93
12 14
12 53
13 22
16 74
16 87
17 36
17 96
18 60
19 28
19 50
19 70
22 56
23 81
24 42
25 92
26 6
26 15
26 25
26 56
26 74
27 0
31 68
32 15
32 40
32 76
33 54
33 91
34 8
34 38
36 63
36 69
37 84
38 43
40 27
41 36
41 89
42 20
42 50
42 77
47 94
48 6
48 14
48 33
48 39
49 75
51 61
51 66
54 52
54 61
55 10
55 35
56 27
56 86
56 91
59 19
60 5
61 67
63 33
63 91
64 98
66 19
66 81
68 43
69 36
69 65
70 85
70 93
71 29
72 57
73 0
74 15
74 82
75 68
77 42
77 62
80 1
80 22
81 97
82 7
82 70
83 29
83 56
84 36
86 50
87 5
88 83
89 20
91 59
92 44
94 18
94 78
95 64
96 0
96 35
96 92
97 98
98 14
98 46
99 28
99 78
