# Penalty = 33557.05905739327
108
16 61
45 9
78 1
47 86
14 51
47 64
3 55
0 52
74 56
8 76
35 56
60 54
66 44
72 31
13 9
44 99
26 3
71 62
93 68
92 0
4 82
82 25
95 7
33 78
49 29
25 38
12 84
4 88
16 98
95 54
30 41
33 37
98 87
85 66
70 77
84 70
34 9
61 93
51 43
35 51
39 99
17 76
81 17
61 63
21 3
87 10
36 42
43 47
53 87
11 0
11 30
6 35
67 2
34 71
27 91
20 31
73 48
12 44
60 71
0 20
33 85
82 48
43 31
69 42
33 17
98 23
51 2
39 77
84 39
14 23
28 6
61 88
62 11
52 8
23 75
28 22
6 4
2 63
7 98
24 61
79 10
2 41
55 57
99 72
84 90
18 17
61 40
20 67
75 97
88 24
53 67
4 13
47 16
74 26
95 39
53 0
67 25
31 92
19 51
55 39
97 45
58 25
39 72
78 34
88 61
61 19
60 5
47 92
