# Penalty = 118871.805829
196
4 35
4 42
4 91
4 98
5 21
5 28
5 48
5 56
5 63
5 69
6 13
6 77
6 84
7 4
11 35
11 63
11 70
12 7
12 49
12 54
12 93
12 99
13 12
13 21
13 40
13 85
15 26
16 78
19 23
19 26
19 41
19 47
19 62
19 70
19 98
20 12
20 55
20 93
21 7
21 33
21 76
23 84
25 77
26 47
26 56
26 68
26 92
27 5
27 42
27 99
28 11
28 20
28 35
28 61
29 28
30 83
33 20
33 43
33 65
33 99
34 26
34 69
35 6
35 11
35 34
35 54
35 79
35 94
36 49
38 84
40 48
40 71
40 78
40 86
40 93
41 41
41 98
42 4
42 13
42 19
42 34
42 57
42 64
43 27
47 19
47 62
48 41
48 48
48 85
49 27
49 33
49 56
49 93
49 99
50 5
50 13
50 71
50 76
54 49
54 85
54 92
55 42
55 78
55 99
56 5
56 11
56 33
56 58
56 63
56 67
57 19
57 28
62 44
62 62
62 84
63 30
63 37
63 46
63 94
63 98
64 14
64 20
64 55
64 70
64 79
65 6
67 98
68 84
68 89
69 40
69 75
70 12
70 50
70 56
70 60
71 5
71 33
72 19
72 26
72 70
76 40
77 5
77 36
77 47
77 54
77 63
77 87
77 93
78 12
78 72
78 99
79 20
79 26
79 78
82 83
82 93
83 41
83 69
83 79
84 11
84 55
85 6
85 27
85 35
85 51
85 99
86 20
86 65
91 35
91 41
91 94
92 7
92 65
92 86
92 96
93 12
93 27
93 51
93 55
93 79
94 21
94 70
96 90
98 12
98 21
98 78
98 99
99 5
99 26
99 37
99 41
99 47
99 56
99 64
99 72
99 82
