# Penalty = 34242.70918854275
107
80 28
96 57
5 54
30 13
6 40
31 96
34 43
57 3
55 46
1 68
67 58
51 1
23 27
99 76
49 93
0 2
15 65
7 78
65 85
78 0
4 31
9 34
1 57
60 38
54 29
31 29
32 35
2 82
81 62
64 28
75 28
25 20
14 0
90 18
90 63
66 75
3 20
41 19
82 90
59 73
49 63
54 39
17 99
92 32
85 40
54 7
81 33
93 49
82 60
60 23
0 50
35 98
83 14
80 99
46 12
93 81
62 99
92 90
28 73
22 1
57 64
60 13
53 93
40 63
37 55
2 93
83 76
20 43
72 49
62 54
8 2
46 34
13 81
42 84
43 80
7 89
92 2
26 87
37 0
48 26
70 42
24 66
23 57
61 44
11 13
75 62
84 69
90 95
29 2
73 98
77 48
77 76
74 91
22 8
73 8
9 62
0 74
0 23
79 84
27 57
18 37
16 90
46 66
13 56
77 43
51 86
76 14
