# Penalty = 33686.152619588756
104
69 91
44 93
1 65
97 93
32 40
51 89
65 0
72 13
82 69
31 26
70 77
19 4
15 27
64 60
4 68
78 29
53 9
16 6
37 59
18 42
10 46
17 53
67 46
74 70
47 40
75 31
31 79
79 84
87 18
61 29
1 73
98 52
67 63
20 68
27 35
55 37
34 31
63 89
88 40
51 3
58 51
47 18
90 7
2 87
71 42
73 57
61 78
41 38
47 24
2 4
75 75
59 15
86 84
2 84
31 84
25 26
89 74
69 5
40 22
31 49
80 53
31 64
56 29
43 63
12 32
23 62
44 54
50 39
19 11
11 24
54 53
93 86
89 3
41 79
65 74
55 73
74 99
46 87
16 83
24 99
20 35
52 47
61 22
26 18
76 95
9 82
83 98
89 64
17 62
34 11
55 1
45 72
57 23
73 49
31 99
36 81
76 9
98 61
40 2
91 35
9 53
97 77
88 66
75 34
