# Penalty = 115313.218337
196
4 14
4 63
4 70
4 91
4 98
5 28
5 35
5 56
5 77
5 84
6 6
6 42
6 49
7 20
11 14
11 21
11 42
11 49
11 70
12 6
12 28
12 35
12 56
12 64
12 93
12 99
13 84
15 79
19 33
19 63
19 69
19 78
19 93
19 97
20 48
20 55
21 4
21 11
21 19
21 26
21 83
22 40
26 12
26 19
26 29
26 34
26 54
26 91
26 97
27 5
27 62
27 69
28 48
29 43
29 77
29 83
33 71
33 75
33 98
34 61
34 91
35 5
35 14
35 30
35 32
35 47
35 56
35 86
36 19
36 44
40 15
40 30
40 33
41 19
41 92
42 5
42 59
42 71
42 99
43 44
43 47
43 85
44 61
44 78
47 99
48 64
48 69
48 93
49 4
49 13
49 33
49 43
49 58
49 78
49 84
50 28
50 47
51 19
53 84
54 98
55 27
55 36
56 4
56 13
56 19
56 41
56 65
57 51
57 55
57 70
57 93
58 79
62 20
62 65
62 71
62 99
63 6
63 37
63 41
63 56
63 79
63 85
64 12
64 51
64 93
65 26
68 5
68 93
69 28
69 35
69 78
70 12
70 20
70 42
70 64
70 87
70 99
71 50
71 56
71 72
74 28
77 4
77 43
77 59
78 19
78 34
78 65
78 92
78 99
79 14
79 48
79 68
79 75
79 84
83 33
83 93
84 4
84 13
84 30
84 39
84 79
84 82
84 98
85 19
85 47
85 55
85 62
85 71
92 5
92 56
92 98
93 19
93 28
93 35
93 63
93 70
93 78
93 93
94 14
94 42
94 49
94 84
97 92
98 28
98 35
98 56
98 78
98 99
99 5
99 12
99 21
99 42
99 49
99 64
99 70
99 85
