# Penalty = 36930.63923184065
114
40 99
71 44
28 61
19 72
12 19
33 3
55 5
36 0
97 38
97 13
10 91
0 50
11 0
47 70
81 95
87 12
66 94
36 10
70 22
3 48
83 15
78 61
45 40
26 95
68 78
81 88
26 72
57 82
95 31
37 44
71 0
17 86
48 49
95 93
99 21
40 19
89 51
22 9
58 91
99 82
30 13
89 92
76 23
1 89
60 26
25 52
16 96
75 75
57 3
88 31
61 40
72 6
18 60
32 66
22 14
55 20
96 61
12 75
10 61
90 71
63 32
11 99
50 72
38 81
63 55
24 78
83 9
86 74
51 0
86 48
60 77
76 43
41 89
34 95
72 58
45 58
0 41
52 99
92 98
25 24
1 65
23 41
30 99
97 2
23 32
51 90
44 26
34 22
9 77
99 41
42 44
38 39
64 31
48 18
6 26
33 75
15 53
3 12
62 47
26 88
1 98
49 28
50 8
36 61
83 16
31 53
67 92
17 46
1 80
98 66
0 11
74 92
21 0
87 57
