# Penalty = 45151.19222505265
109
11 12
26 67
11 78
60 5
78 31
99 69
63 0
70 2
69 74
38 23
82 95
86 73
81 3
94 67
49 34
44 9
33 8
3 58
31 12
53 47
69 9
3 77
76 24
96 12
47 41
29 55
88 19
86 65
46 74
68 27
81 13
29 37
71 40
16 38
19 9
91 30
49 47
48 94
14 73
70 84
60 57
69 68
44 23
27 49
65 51
81 41
8 26
87 40
79 58
20 82
45 75
36 55
92 15
25 96
41 16
51 57
5 34
41 97
19 36
12 65
34 41
3 13
92 85
60 81
66 97
43 91
9 6
34 97
37 67
11 40
60 37
19 44
83 77
19 21
64 64
0 49
63 85
7 89
23 75
44 82
48 16
17 58
36 86
30 66
34 77
24 18
43 38
78 67
87 98
87 56
81 57
98 60
7 82
49 18
99 26
46 59
50 66
69 16
85 29
61 28
87 6
73 50
4 44
85 79
25 93
8 69
86 47
4 0
99 84
