# Penalty = 33913.01315384854
102
83 35
4 76
11 43
42 74
69 34
72 90
65 37
79 27
18 33
79 77
34 40
15 88
49 28
64 27
48 55
88 78
97 6
49 47
50 1
16 99
75 71
68 68
58 89
56 43
30 98
26 70
76 63
8 4
48 61
11 53
89 13
63 79
37 19
74 2
26 88
88 17
58 95
86 31
20 84
97 65
66 20
54 83
29 6
23 28
69 84
6 86
65 57
63 51
78 43
62 13
99 41
1 33
38 60
17 8
42 42
81 16
12 29
1 53
72 19
85 83
74 50
59 7
61 69
52 98
96 98
88 54
2 95
10 14
46 80
98 33
56 12
78 68
33 5
21 74
34 90
81 93
49 74
32 75
11 72
32 26
91 35
37 79
83 63
97 27
98 89
17 69
95 60
70 76
71 44
77 48
68 10
26 42
56 23
92 46
34 58
64 5
50 30
28 43
99 84
2 8
25 0
49 94
