# Penalty = 37444.216938
113
0 1
1 32
1 52
1 55
1 81
2 18
2 37
2 66
2 98
4 95
5 73
6 4
6 48
9 72
10 14
10 56
12 28
12 91
13 23
14 0
14 8
14 46
15 60
15 76
18 84
19 41
19 96
20 46
22 6
24 64
24 99
25 71
26 32
27 26
28 42
28 83
29 9
29 57
29 68
30 99
31 30
31 49
31 64
32 78
33 25
33 87
35 44
36 2
36 81
37 54
38 11
41 25
41 77
42 39
43 21
44 57
45 1
45 66
47 23
47 84
49 8
49 43
50 63
51 41
51 70
52 15
53 58
55 11
55 89
56 27
56 35
58 54
59 2
61 82
63 16
63 89
65 23
65 35
66 66
66 72
67 81
70 9
72 50
74 34
74 39
74 46
75 24
76 7
77 99
78 29
79 92
81 21
81 52
81 75
82 38
83 86
85 7
85 71
87 89
88 30
89 13
89 39
90 2
90 57
94 69
94 96
95 26
96 43
97 15
99 21
99 40
99 46
99 63
