# Penalty = 36583.23147629039
112
61 19
21 20
58 82
20 45
52 77
38 78
6 99
78 48
43 65
53 55
69 55
73 72
59 84
35 92
65 14
83 58
77 25
57 69
70 20
84 17
82 66
29 50
24 59
45 2
3 28
28 97
2 4
86 88
28 44
40 35
7 93
74 63
9 75
44 81
47 58
62 33
68 40
94 28
44 43
30 19
16 89
57 27
78 20
23 63
22 35
36 21
53 63
77 86
83 48
97 57
96 7
16 6
94 43
66 69
29 67
42 27
90 80
7 21
97 77
97 47
2 85
83 0
49 97
24 6
30 1
5 18
63 40
13 47
11 16
58 9
85 94
42 37
72 35
10 2
97 24
4 70
48 12
53 18
96 98
96 67
88 62
76 10
99 38
10 57
2 93
51 49
43 95
71 93
87 97
18 54
17 79
33 53
34 84
33 26
71 88
41 10
24 77
10 41
65 54
92 22
81 78
52 1
1 56
88 73
12 31
81 34
43 73
26 91
55 34
8 61
19 93
67 59
