# Penalty = 30404.604197638622
97
91 63
55 69
46 8
65 48
29 35
23 76
44 92
39 87
79 88
32 28
33 42
19 48
73 18
64 85
81 31
59 15
81 73
89 99
61 65
17 18
96 80
31 56
16 25
7 58
30 82
16 29
34 24
48 47
77 66
48 88
5 72
99 66
98 32
64 80
61 99
76 59
19 84
88 77
75 98
29 9
63 44
83 61
83 11
12 89
28 49
27 96
35 99
79 43
74 82
88 49
61 10
66 33
50 19
60 85
2 2
61 34
84 47
38 59
8 43
16 63
71 41
46 58
45 40
80 52
36 18
97 60
18 92
84 29
62 71
40 50
<<<<<<< HEAD
40 86
41 72
42 92
43 13
45 34
45 40
45 55
46 8
47 47
48 82
48 88
49 26
50 19
51 97
52 61
55 68
59 15
59 24
59 85
60 29
61 34
61 99
62 10
62 66
62 71
62 81
63 44
64 85
65 52
66 33
66 48
69 12
71 41
73 19
73 90
74 27
74 82
75 98
76 59
76 67
77 74
78 45
79 88
80 52
81 31
81 73
83 11
83 61
84 28
84 47
87 13
88 18
88 49
88 77
89 99
91 63
94 46
95 81
96 95
98 29
98 32
98 50
98 61
99 67
=======
47 82
23 33
43 13
5 50
37 69
14 35
94 94
49 26
4 86
52 61
98 28
74 90
4 5
77 74
94 46
41 73
21 57
60 29
86 11
51 97
45 34
98 50
66 50
59 24
74 27
68 11
88 18
>>>>>>> 1f482cf0f8b5bf969d68f466880c4b5ce1835fb2
