# Penalty = 45803.623410517306
110
12 67
37 31
29 27
21 25
5 94
5 57
91 12
5 30
63 26
30 77
14 49
17 81
25 7
71 2
9 74
50 47
84 77
22 44
29 62
92 85
32 11
84 72
91 93
18 97
82 8
37 68
1 49
45 76
1 78
50 22
13 58
46 11
73 95
45 80
99 57
59 18
68 15
92 48
17 30
23 49
79 24
57 98
95 63
65 83
84 55
90 5
19 54
28 29
30 97
38 14
76 1
95 44
59 71
18 20
96 5
47 95
14 34
49 77
23 76
76 29
11 96
4 4
40 94
87 40
39 6
81 36
89 89
91 64
7 8
3 64
12 89
72 81
12 75
63 4
69 57
56 62
44 92
62 56
39 63
8 51
97 28
13 13
68 76
65 68
70 11
84 64
25 85
82 18
63 96
48 28
73 65
64 21
64 93
51 38
24 3
74 12
5 90
61 13
24 18
12 26
90 3
14 43
23 92
47 53
95 37
51 60
62 42
55 90
51 15
43 21
