# Penalty = 32601.437998
106
0 30
0 94
0 98
1 1
1 41
1 66
2 71
6 17
6 21
6 37
7 95
8 2
13 21
13 51
13 74
14 99
15 6
15 65
15 94
16 60
16 75
17 46
20 44
21 38
22 8
22 63
23 88
26 45
27 16
28 24
28 83
29 89
29 97
31 49
31 75
32 8
32 32
35 22
35 57
37 36
37 94
39 51
39 83
41 9
42 58
43 22
44 11
45 1
48 64
48 71
49 52
49 89
50 24
50 40
50 86
51 72
53 38
55 6
55 91
56 70
57 17
57 24
58 41
59 3
60 10
60 51
61 78
61 97
62 3
62 63
64 37
65 19
66 74
67 91
68 99
70 50
70 65
71 68
73 25
74 11
75 86
78 49
79 34
79 63
79 94
80 26
81 89
83 58
84 12
84 98
86 65
88 5
92 20
92 86
93 32
93 60
93 68
94 14
94 46
96 25
96 90
97 2
98 39
98 99
99 73
99 81
