# Penalty = 35233.091769
112
0 9
0 46
0 54
1 20
2 13
2 39
2 70
2 99
4 61
7 69
8 83
8 85
9 22
9 43
11 8
12 29
12 49
14 12
15 57
17 3
17 48
17 83
19 69
19 94
21 62
21 72
22 28
22 51
23 0
23 35
26 24
27 20
27 98
29 38
29 59
29 75
32 18
33 80
34 0
35 8
35 60
35 90
36 45
36 62
40 3
40 76
42 92
43 40
43 55
44 45
44 71
46 19
49 4
49 15
50 89
50 98
51 58
53 9
53 38
54 66
55 55
56 31
56 93
59 45
61 23
61 79
63 54
64 9
64 87
65 1
65 73
66 19
66 81
67 40
67 47
68 33
68 64
70 90
72 6
72 25
75 20
76 64
77 95
78 11
78 49
78 98
79 39
80 1
81 81
82 53
83 25
84 91
85 76
86 5
88 28
88 39
88 86
89 22
90 57
90 66
92 13
94 94
97 10
97 14
97 35
97 53
97 63
98 49
99 70
99 77
99 89
99 95
