# Penalty = 31407.986986
103
0 33
0 55
0 64
1 82
1 99
5 19
6 42
6 77
7 13
7 49
7 58
7 86
11 4
15 66
15 88
15 98
16 71
17 27
19 50
20 36
21 42
22 13
22 57
22 81
23 52
25 2
25 10
25 88
26 28
27 80
28 14
29 61
29 94
31 25
32 75
33 42
34 67
35 26
36 11
37 49
37 53
39 40
41 35
42 9
42 86
43 66
44 91
45 0
46 77
49 22
50 8
50 62
50 83
51 51
52 31
52 46
53 43
53 66
55 36
56 14
57 9
58 98
60 72
61 30
61 50
61 65
64 80
66 0
66 10
66 25
70 34
70 70
71 11
71 51
75 36
75 64
75 96
78 46
80 12
80 54
80 82
81 30
81 68
85 54
85 74
86 10
87 98
89 17
89 25
89 45
90 71
93 3
93 92
94 40
94 85
95 32
95 78
96 10
96 25
97 1
97 99
98 18
99 83
