# Penalty = 32688.866455
104
0 25
0 33
0 75
1 0
1 17
2 9
2 65
2 92
3 53
3 89
5 47
9 12
9 22
9 37
10 51
10 94
12 42
14 79
15 21
16 7
16 69
16 95
17 78
19 38
19 55
21 92
22 28
23 14
23 63
24 52
25 36
25 99
27 85
28 15
29 1
29 22
31 80
32 5
34 62
34 86
35 42
35 55
36 20
36 27
36 89
37 4
38 78
40 69
41 47
42 61
43 18
43 33
43 41
45 76
46 27
47 1
47 92
49 46
50 22
50 94
51 60
52 6
56 27
56 81
57 16
57 47
58 0
59 9
59 21
59 41
59 89
61 80
63 49
64 14
64 26
65 0
67 6
67 37
67 57
70 80
71 98
72 95
73 37
75 23
76 59
78 7
78 42
78 99
81 2
81 5
82 66
82 72
85 81
87 34
87 43
87 86
89 25
90 57
95 4
95 22
95 71
96 61
97 55
98 36
