# Penalty = 34303.46061
109
0 93
1 14
2 0
2 28
3 97
4 75
5 89
6 54
6 65
7 37
9 14
9 82
10 97
13 56
14 23
14 71
15 7
16 48
17 33
19 92
20 57
21 53
23 20
23 78
24 36
24 86
26 63
27 16
27 96
29 2
29 25
29 74
29 80
31 43
31 58
32 66
33 32
35 12
35 49
36 96
37 27
37 92
38 4
38 76
38 85
40 54
41 62
41 93
42 12
43 0
43 78
46 40
46 55
47 33
47 41
49 65
50 40
51 25
52 1
52 79
53 54
53 93
54 69
55 20
57 1
57 11
59 59
59 92
60 27
60 75
64 18
66 81
67 89
68 11
68 29
68 34
68 55
72 15
73 6
74 35
74 76
75 52
78 22
78 66
79 90
80 96
82 39
82 50
84 93
85 8
85 65
86 0
86 68
88 37
88 79
92 28
92 98
93 64
94 20
94 80
96 32
96 47
96 56
97 42
98 14
98 96
99 6
99 28
99 62
