# Penalty = 32396.242106
104
0 31
1 1
1 8
2 17
2 22
2 48
3 86
4 45
4 62
6 6
7 56
7 63
7 71
9 78
9 99
11 11
11 89
13 33
13 39
15 9
16 16
17 19
18 47
18 55
19 89
20 26
20 41
21 54
21 62
21 70
22 1
23 81
24 22
25 98
26 0
27 36
27 71
29 37
31 98
32 12
32 83
33 33
34 56
36 47
38 21
38 40
39 26
39 97
42 2
42 61
44 75
45 41
47 32
51 13
51 14
51 34
53 80
54 98
55 84
56 29
57 57
59 43
59 62
61 3
61 24
61 98
63 0
64 26
64 48
65 18
66 56
68 11
71 52
71 87
73 37
74 70
74 78
75 29
75 94
76 9
76 35
76 73
78 88
79 64
80 50
80 57
81 93
81 99
85 12
85 84
87 21
87 44
88 76
88 86
89 70
91 5
92 19
93 78
94 44
96 55
96 89
97 64
98 3
99 66
