# Penalty = 36055.60774338567
107
16 7
3 79
19 46
6 31
59 4
89 84
8 85
95 78
88 6
2 16
41 7
2 11
97 63
22 56
67 44
74 15
60 69
34 48
63 6
31 41
3 90
70 9
18 23
49 78
32 78
70 79
49 31
66 17
7 57
95 10
6 71
53 49
74 65
24 9
76 86
46 22
53 55
21 1
7 6
48 38
30 96
58 20
18 52
38 22
39 44
26 79
87 74
83 2
37 97
45 8
91 48
26 91
41 92
42 76
98 41
80 66
16 32
11 91
13 44
66 76
52 70
23 74
79 39
80 89
68 51
39 41
71 5
34 37
66 61
96 97
92 32
0 52
41 66
3 85
34 64
79 24
38 15
1 32
94 24
32 1
95 56
31 56
84 56
78 30
64 78
35 0
88 11
9 41
82 71
3 66
16 97
8 24
94 40
54 35
6 64
61 59
64 28
36 89
2 99
16 60
62 84
83 20
93 2
72 30
0 47
24 65
79 8
