# Penalty = 37606.419676
114
0 1
0 6
0 82
0 97
1 30
3 22
4 65
5 38
5 59
6 90
7 76
8 99
9 17
9 24
11 48
11 57
14 95
15 4
15 74
17 30
18 21
19 60
19 84
21 46
22 39
24 30
25 86
26 50
27 60
28 7
28 72
29 1
29 12
30 45
31 1
31 95
32 92
35 63
36 38
36 49
37 19
37 24
38 67
39 33
39 82
41 59
43 2
43 9
44 80
45 49
46 63
47 16
47 86
49 32
50 42
52 46
53 15
56 20
56 36
57 72
58 0
58 5
59 78
59 97
60 58
62 86
64 44
65 25
65 33
66 75
67 62
68 11
68 59
69 27
70 41
71 21
72 66
73 7
73 75
74 1
74 87
75 58
76 35
77 15
79 42
82 92
83 29
83 64
84 47
84 56
85 15
88 25
88 83
88 98
89 63
90 33
91 94
92 55
92 75
93 15
93 40
93 80
95 47
96 98
97 31
98 0
98 8
98 62
99 14
99 17
99 39
99 70
99 74
99 92
