# Penalty = 35107.230829
107
0 2
0 8
0 66
0 94
2 85
4 16
4 25
4 36
4 47
6 53
7 21
7 39
8 30
9 98
10 75
11 61
11 89
14 55
14 75
16 8
17 57
18 43
21 37
22 10
23 28
23 44
23 52
24 82
25 21
25 38
27 0
27 67
28 67
28 92
31 49
31 72
32 5
32 41
33 25
33 81
34 66
36 11
36 19
36 90
37 50
37 95
38 57
39 43
41 61
43 77
46 6
46 37
46 53
47 2
50 16
50 22
50 44
51 30
51 96
52 50
53 70
55 97
56 61
57 15
58 83
59 92
60 32
60 54
61 6
61 76
63 68
64 15
64 46
65 11
65 62
67 89
69 0
69 98
70 44
72 15
72 30
72 92
73 62
74 36
75 77
77 22
77 52
79 12
79 61
79 66
79 97
81 81
81 90
82 42
83 83
86 25
86 90
87 11
87 42
89 60
91 75
93 55
93 59
95 74
96 97
97 89
98 38
