# Penalty = 33505.385864
106
0 80
1 87
2 24
3 54
5 2
6 48
7 18
7 83
8 33
10 62
11 54
12 14
12 40
14 79
16 21
16 29
17 57
18 98
20 1
20 7
21 43
22 51
22 82
22 89
23 27
25 59
26 10
27 85
27 97
28 45
28 67
30 24
32 38
33 71
33 99
34 2
34 18
34 34
36 52
37 87
38 66
39 76
40 12
41 21
41 49
41 90
45 60
46 6
46 26
48 40
48 96
49 34
50 51
53 6
55 24
55 47
55 59
57 16
57 92
58 39
58 66
61 86
62 17
63 3
63 42
63 74
63 82
64 35
64 68
66 27
70 22
71 91
72 31
72 61
73 7
74 46
76 99
77 16
77 79
78 0
78 64
78 70
78 85
80 22
80 32
81 42
84 21
86 28
87 59
89 88
90 54
91 7
91 12
91 78
92 98
94 26
94 33
94 72
95 12
96 40
96 64
96 92
98 49
98 83
99 0
99 78
