# Penalty = 35773.853794
110
0 70
0 92
1 87
2 8
3 44
4 75
6 0
7 43
7 49
9 29
9 57
10 24
10 72
10 90
11 15
11 61
14 96
15 55
15 86
17 15
17 31
18 45
20 4
20 59
20 79
21 74
24 30
25 45
25 60
25 65
26 42
27 5
28 92
30 69
30 78
31 13
31 64
32 24
32 50
33 41
34 97
35 3
35 31
38 81
39 26
39 50
39 91
40 12
44 77
45 63
45 68
46 34
46 54
47 4
47 48
49 70
52 44
53 35
53 89
53 98
54 8
54 15
55 65
56 30
59 81
60 22
60 68
62 87
63 53
65 24
65 41
66 5
66 65
68 10
69 57
69 82
70 49
71 19
71 92
71 98
72 71
73 12
73 28
77 56
78 36
78 84
79 23
79 42
81 0
82 7
83 83
84 52
87 26
88 66
89 12
89 98
90 6
90 45
92 69
93 20
93 40
95 1
95 61
96 11
96 44
97 78
98 82
99 17
99 53
99 96
