# Penalty = 34735.574519
104
0 17
0 33
0 58
1 50
2 86
4 57
5 43
5 75
7 20
8 9
8 81
8 96
11 75
12 41
13 24
16 84
17 32
17 64
17 94
20 59
21 39
23 10
24 15
25 76
26 53
26 61
27 29
28 69
28 93
29 23
29 78
31 97
34 56
34 92
35 42
35 72
38 82
39 8
39 12
39 27
39 37
39 47
41 87
42 97
43 79
44 17
48 52
49 41
49 92
51 76
52 21
53 42
54 27
56 57
56 67
56 90
57 76
58 26
60 8
61 72
62 47
62 80
63 32
63 40
65 50
65 94
66 80
67 24
67 66
68 10
69 75
70 18
71 54
72 24
72 95
73 38
76 10
76 46
76 69
76 81
79 95
80 18
80 84
81 32
82 45
82 60
83 41
84 74
85 47
86 27
86 59
86 92
87 90
88 13
91 73
92 10
93 90
95 21
95 29
97 60
98 35
98 53
99 65
99 82
