# Penalty = 34558.488641
109
0 53
0 88
1 38
1 45
1 74
2 21
3 69
5 55
5 93
6 5
7 30
8 15
9 47
9 73
9 99
11 84
13 9
13 30
14 51
15 2
15 37
16 17
18 34
19 96
20 2
20 59
21 64
23 14
23 19
23 50
24 33
24 77
24 98
27 91
30 14
30 20
30 63
31 28
31 49
31 77
33 93
34 3
35 68
35 88
37 48
40 62
41 92
43 20
44 68
45 34
45 37
46 75
47 29
47 48
47 96
48 0
50 33
51 81
52 14
52 52
52 91
55 6
56 60
57 53
58 16
58 20
59 68
59 92
60 37
60 79
60 85
61 30
62 62
63 99
65 3
65 34
65 76
67 94
68 17
68 80
72 47
73 22
73 96
74 75
78 44
78 82
79 8
80 88
81 3
82 7
82 48
83 59
85 40
88 2
88 56
88 65
88 87
89 99
90 20
92 95
94 27
94 74
95 81
96 3
96 53
98 64
99 44
99 47
99 78
