# Penalty = 31199.392125478265
98
65 17
1 22
46 24
94 4
45 61
0 47
13 11
53 47
67 8
94 29
33 85
32 71
50 82
56 59
29 21
53 27
32 48
85 63
85 78
58 67
95 60
39 68
18 11
53 67
97 46
80 39
78 64
58 37
70 71
31 56
50 38
70 52
3 31
21 96
85 71
99 28
17 70
18 94
40 54
95 44
56 51
52 7
8 51
36 40
2 70
72 57
12 80
72 35
68 25
74 42
69 76
76 84
59 4
9 88
40 95
19 88
63 57
81 92
82 16
91 92
64 86
5 25
46 97
77 50
18 64
21 2
8 23
33 35
29 11
79 36
98 85
96 37
83 9
14 3
22 53
83 1
89 22
23 67
21 17
42 82
41 60
38 27
92 58
22 38
48 17
78 56
41 76
89 15
17 35
7 99
21 80
58 82
68 10
38 4
93 76
32 19
80 33
3 41
