# Penalty = 36229.56488970256
112
25 74
92 51
64 10
3 88
83 83
6 52
17 14
34 62
65 51
5 29
79 55
93 28
13 78
57 89
70 37
96 10
99 85
40 75
91 78
4 94
76 91
77 27
6 22
56 63
26 25
69 70
16 20
29 34
46 27
57 98
47 52
22 37
84 39
96 2
69 7
71 0
54 15
54 22
67 42
78 64
57 6
84 88
58 37
71 97
14 40
7 32
27 84
55 82
51 1
48 20
20 84
39 64
20 57
4 61
84 69
14 98
18 93
76 2
97 80
43 35
4 46
30 20
56 51
0 99
94 43
26 70
11 68
47 88
35 96
34 46
98 24
83 18
92 11
54 0
33 91
41 83
76 41
96 99
40 24
29 39
69 28
88 54
8 8
33 71
73 56
3 83
94 71
40 13
26 3
64 21
60 67
79 17
20 0
35 14
69 15
20 20
31 99
61 28
0 9
3 38
51 4
49 37
5 3
81 49
12 7
17 67
28 55
96 28
2 52
78 74
53 66
93 57
