# Penalty = 42191.55635069002
86
58 90
2 82
20 23
61 84
17 30
52 54
35 79
15 59
45 80
65 95
36 53
0 32
24 76
3 44
18 55
86 98
19 40
6 34
73 74
16 69
7 83
60 99
67 90
19 99
14 91
75 85
37 99
5 12
29 58
23 71
3 97
12 53
4 90
15 16
48 90
35 59
94 98
10 20
5 23
90 92
28 52
10 61
1 62
45 99
4 48
39 84
47 62
34 94
13 70
16 80
31 86
16 46
35 39
29 97
45 56
53 76
31 32
38 73
25 26
73 92
25 95
49 74
34 65
24 38
4 17
0 76
26 64
54 60
68 66
20 89
30 73
8 98
30 89
61 66
27 42
79 99
6 68
14 35
63 72
53 86
53 68
67 78
10 77
1 37
40 49
83 89
