# Penalty = 34218.559169
105
1 9
1 24
1 46
1 61
1 89
2 30
2 75
2 99
5 65
8 22
9 12
9 71
10 87
12 37
14 9
15 23
15 30
15 51
15 55
15 91
16 77
17 94
18 8
23 10
23 96
24 18
27 1
27 32
29 18
29 47
30 24
31 56
31 98
34 45
34 76
36 62
36 84
37 4
38 36
38 41
38 95
40 14
41 0
43 71
44 6
44 62
45 20
45 99
46 22
47 67
48 37
48 47
49 85
49 90
51 73
52 40
52 48
53 8
53 82
55 22
56 32
57 0
57 68
58 57
58 83
61 8
61 74
61 99
64 29
64 67
66 38
66 92
67 4
67 14
67 58
68 67
68 96
70 29
70 44
71 3
72 35
72 79
73 59
74 19
75 93
76 28
79 85
81 13
81 54
81 75
82 47
83 69
85 7
86 29
86 38
87 53
87 77
88 83
90 94
92 25
95 78
96 42
96 62
97 20
99 48
