# Penalty = 35277.9662593936
109
38 44
28 96
58 99
42 92
73 44
13 21
95 54
54 29
99 59
67 8
88 57
69 72
16 74
59 37
83 24
35 94
88 50
0 27
7 52
61 22
95 73
25 30
87 71
54 56
93 40
40 26
55 85
19 48
24 75
99 41
8 87
22 10
69 79
34 2
45 58
79 17
10 78
97 81
8 14
80 1
59 71
6 58
97 21
39 4
34 59
48 12
82 86
9 58
43 95
72 96
44 72
64 57
51 51
0 45
84 88
7 76
14 44
91 97
30 16
91 68
51 96
54 47
73 78
87 17
76 30
88 80
83 65
1 13
32 31
97 1
68 26
91 95
58 92
38 73
17 26
35 40
77 38
31 82
89 0
62 8
82 45
16 10
70 58
56 17
68 51
94 15
81 59
69 37
12 95
40 87
62 85
11 29
48 34
1 81
24 69
26 89
40 61
29 16
64 67
51 74
48 88
74 64
93 34
26 52
94 4
19 65
77 94
70 16
53 3
