# Penalty = 31924.126315
94
0 8
0 84
1 98
3 30
4 3
4 18
5 93
8 41
9 17
9 97
10 8
10 61
12 51
12 68
12 75
14 82
15 4
15 28
16 54
17 14
17 32
17 47
18 74
19 3
19 20
20 8
20 92
21 98
23 40
25 60
26 21
26 25
26 76
26 95
27 67
28 46
29 5
29 22
29 84
31 28
31 36
31 46
35 95
37 15
37 85
38 37
39 58
39 89
40 7
42 37
42 75
44 22
46 31
47 7
48 47
49 61
50 17
50 96
53 26
55 54
55 69
56 35
56 43
61 8
62 22
63 71
64 57
64 65
64 95
65 6
67 1
68 47
70 71
72 53
72 78
74 92
75 13
75 85
76 19
79 5
83 79
83 88
86 51
88 21
88 69
89 88
90 46
93 93
95 36
96 51
97 83
97 91
98 32
99 98
