# Penalty = 34838.058799
107
0 78
1 39
1 55
1 90
2 6
3 25
3 33
5 60
5 94
6 70
7 39
8 90
9 11
9 19
11 45
11 78
12 64
13 26
13 72
16 17
16 50
17 31
18 0
19 77
20 32
22 46
23 6
24 85
25 18
25 54
26 63
27 28
27 68
27 71
30 20
31 35
31 99
32 86
32 87
35 8
35 30
35 47
35 52
35 70
37 4
37 95
38 80
39 38
40 22
40 56
44 8
44 41
46 35
46 61
47 81
48 38
49 3
49 71
50 54
51 21
51 99
52 5
52 77
53 28
56 92
58 14
58 38
59 68
60 53
60 83
62 42
64 5
65 20
68 24
68 49
70 4
70 25
72 18
72 75
73 42
73 82
73 97
74 56
74 66
77 36
78 91
79 50
80 15
81 96
82 3
82 29
83 38
84 67
85 57
86 91
87 9
87 19
87 50
89 81
91 34
93 55
93 88
94 11
95 70
97 30
97 40
99 58
