# Penalty = 33046.692862
104
0 0
0 15
0 31
0 46
0 53
0 79
0 94
1 6
1 62
1 70
2 22
2 38
2 86
10 10
10 25
10 35
10 51
10 81
10 91
11 58
11 98
12 2
12 18
12 42
12 66
12 74
27 56
28 10
28 18
28 26
28 34
28 42
28 50
28 62
28 70
28 86
28 94
30 2
32 78
38 2
38 10
38 50
38 74
38 82
38 98
40 18
40 26
40 34
40 42
42 58
42 66
42 90
48 14
48 22
48 30
48 38
48 62
48 86
48 94
52 0
52 6
52 46
52 54
52 70
52 78
58 2
58 50
58 74
62 10
62 18
62 26
62 34
62 42
62 58
62 66
62 82
62 90
62 98
68 62
70 14
70 22
70 30
70 39
71 94
72 6
72 46
72 54
72 70
72 78
72 86
73 0
87 80
88 66
88 94
89 18
90 11
90 34
90 49
90 59
91 2
91 42
91 86
92 26
92 74
