# Penalty = 41745.52210168398
104
97 94
87 83
89 68
28 83
29 63
84 5
69 56
39 4
1 6
17 45
8 4
3 4
99 31
57 34
8 48
5 23
32 96
59 23
95 51
20 62
13 89
21 17
55 19
12 44
23 25
2 60
63 16
92 83
82 97
39 96
27 93
13 94
26 67
86 48
85 76
83 25
82 37
6 29
62 61
36 39
57 48
71 9
29 72
10 14
69 34
72 3
75 46
63 37
90 28
91 40
58 73
96 66
16 69
15 28
76 90
54 62
68 85
58 71
57 83
51 90
58 56
22 82
33 34
40 56
9 76
91 11
14 37
24 56
12 64
27 31
25 49
75 33
12 50
67 70
87 93
2 36
86 99
85 63
44 68
45 6
32 78
68 98
41 33
32 8
9 83
39 75
59 78
27 14
39 44
15 79
97 73
24 35
40 20
10 8
73 26
87 10
71 68
39 64
49 15
89 44
48 35
4 90
10 24
71 60
