# Penalty = 32903.145576
104
0 3
0 18
0 74
0 82
1 29
2 58
3 88
5 97
7 31
7 54
8 6
8 45
10 15
10 59
11 73
11 92
13 39
14 79
17 34
17 44
17 59
17 93
18 2
18 72
19 86
21 13
21 53
22 5
23 93
24 79
25 47
26 22
26 70
27 0
32 44
32 70
34 84
35 21
35 37
35 59
36 70
37 26
38 92
39 45
40 21
41 0
42 72
42 87
44 7
47 13
48 62
49 34
49 42
50 60
52 76
53 27
53 87
55 6
55 65
55 96
57 73
57 79
58 48
60 57
62 28
64 96
65 54
65 82
66 18
69 9
69 68
70 86
72 79
73 70
74 6
74 50
74 88
75 1
75 22
75 63
77 38
79 56
79 83
79 95
80 37
81 76
83 70
84 25
89 21
89 62
89 72
90 12
90 92
91 5
91 43
95 48
95 55
96 34
96 94
97 18
97 84
99 1
99 27
99 62
