# Penalty = 35625.207996
111
0 22
0 57
0 81
1 96
3 6
3 38
3 67
4 27
4 52
6 43
7 22
8 87
8 96
10 36
11 42
13 28
13 64
15 84
16 56
16 78
17 70
20 12
21 8
21 26
21 46
22 15
22 61
22 76
22 91
22 94
23 99
25 53
26 42
27 33
30 2
30 59
31 26
32 73
34 19
34 53
35 7
35 29
36 93
37 72
38 24
38 67
39 51
40 15
40 96
41 86
43 52
44 1
44 55
46 69
48 62
49 35
50 84
51 5
51 91
52 26
52 40
52 68
52 77
54 0
55 10
56 19
56 97
57 11
57 40
58 81
59 51
60 72
60 89
62 58
63 43
66 22
66 29
66 76
67 54
68 2
69 61
71 8
71 37
72 16
72 57
73 81
75 1
75 52
78 43
79 98
81 14
81 69
81 76
81 84
82 92
83 0
84 57
85 26
85 41
86 98
87 71
90 34
91 49
91 80
95 30
95 83
97 2
99 23
99 45
99 62
99 79
