# Penalty = 37351.31510344672
111
89 71
11 3
14 24
56 95
48 7
62 79
54 0
80 3
3 36
24 14
11 63
52 42
78 81
47 28
75 21
30 85
62 45
28 36
87 92
45 88
69 81
90 44
76 97
69 49
30 70
46 40
99 8
81 30
35 39
19 24
55 52
88 0
76 77
15 3
40 25
98 77
21 83
5 64
1 1
56 70
47 65
48 56
52 14
17 8
12 78
20 28
48 97
98 37
92 42
26 99
54 62
81 91
97 41
57 18
72 58
80 50
18 98
43 79
91 62
38 72
39 53
12 42
30 29
26 68
72 15
37 47
16 14
4 50
34 95
70 93
83 77
89 18
60 37
95 86
75 67
3 30
0 34
82 13
21 43
66 33
19 61
31 13
3 89
2 93
61 68
65 0
74 11
22 73
62 99
31 6
24 93
77 61
40 5
46 12
2 10
23 1
11 28
33 21
61 23
62 3
81 41
87 21
18 46
67 8
33 2
77 31
90 25
71 67
60 88
97 76
53 80
