# Penalty = 34356.13831393133
106
14 59
56 2
34 75
47 46
61 42
69 72
21 55
48 80
49 65
2 78
78 30
5 47
69 43
25 86
46 55
42 40
0 11
61 26
42 6
3 98
0 61
73 29
29 73
41 17
23 39
18 5
39 83
58 90
48 91
5 12
71 0
92 11
75 8
34 65
9 17
35 8
63 96
97 86
86 1
9 96
37 41
28 33
89 61
22 0
20 30
0 83
93 89
30 18
82 56
14 13
5 40
34 89
82 24
66 57
0 26
58 70
80 60
56 20
24 47
74 77
83 88
91 44
6 31
52 55
47 22
33 24
92 95
90 30
68 86
38 59
26 23
90 39
21 9
83 74
39 93
61 16
12 92
35 97
51 4
54 95
13 76
94 62
75 38
21 95
8 39
2 17
47 31
23 86
75 56
56 35
47 99
75 88
2 2
14 28
55 47
69 14
96 26
55 12
77 22
41 44
63 64
27 45
17 81
64 77
97 78
19 95
