# Penalty = 36019.391952
109
0 10
0 54
0 65
3 13
3 99
4 50
5 80
6 27
8 30
8 66
10 44
11 1
12 73
13 16
14 93
15 29
16 65
17 10
18 41
18 45
18 56
19 79
19 97
22 27
22 94
24 58
25 5
26 75
27 85
28 23
28 41
28 96
30 25
30 66
31 8
32 43
32 52
32 61
33 22
34 83
36 29
36 38
36 90
39 1
39 53
39 65
40 15
41 9
43 72
43 94
44 35
46 2
47 53
47 65
48 58
49 79
50 20
50 43
50 72
50 95
51 34
53 48
55 1
55 56
55 81
57 42
58 32
58 39
59 61
60 96
61 7
63 1
63 80
64 45
64 75
66 31
68 66
69 15
69 51
72 24
72 36
72 73
73 46
73 56
74 92
74 99
76 8
78 39
81 97
82 22
82 58
82 80
83 53
84 3
84 44
86 10
86 35
86 72
87 25
88 67
92 32
94 38
94 54
95 68
96 85
97 22
98 2
99 54
99 78
