# Penalty = 43397.06546694008
106
11 35
53 91
28 38
54 22
91 34
37 22
9 52
79 78
75 63
52 36
60 34
95 95
24 52
74 85
77 16
44 49
8 1
15 77
38 55
48 25
30 58
42 10
79 27
74 2
84 16
93 53
97 88
47 14
62 75
68 13
0 52
22 65
14 2
22 8
81 52
88 48
74 96
89 42
36 71
95 73
61 94
48 41
22 14
49 73
41 20
90 79
28 29
64 2
96 0
56 1
55 67
11 89
42 96
34 94
14 71
70 65
65 69
30 12
27 96
4 77
77 0
33 3
34 89
51 57
86 24
97 83
36 66
62 45
68 49
23 76
59 62
69 42
56 54
78 5
47 81
6 32
16 48
33 47
31 2
96 11
86 69
51 30
3 28
34 37
66 30
11 62
81 37
89 21
98 95
46 73
53 76
21 57
48 59
20 82
8 13
16 68
71 19
46 90
60 19
62 26
94 27
88 84
92 64
98 36
15 28
91 4
