# Penalty = 119215.91940526241
201
1 78
83 54
55 94
98 18
99 33
0 59
5 64
46 30
57 21
3 14
71 15
27 14
71 22
33 43
78 99
15 80
64 99
71 94
48 99
70 36
85 65
99 1
21 65
0 6
75 70
57 43
56 14
42 12
5 41
65 56
97 52
93 51
63 43
99 66
6 98
94 28
16 88
77 4
20 49
0 25
93 42
50 49
24 0
12 14
74 56
84 58
35 6
29 81
56 87
29 65
57 73
51 91
37 99
84 85
25 35
93 14
82 44
72 1
91 5
4 0
32 28
86 28
85 80
94 56
6 27
33 14
34 50
5 84
99 56
51 35
28 0
91 93
64 50
92 79
5 51
26 42
49 85
55 58
28 25
14 5
70 66
47 41
64 79
43 23
49 80
49 72
54 35
93 20
62 64
79 34
6 55
0 52
76 0
42 51
50 0
77 85
86 16
63 6
99 22
19 85
78 40
71 7
35 94
43 66
56 7
33 20
99 81
93 99
29 28
62 21
70 86
65 36
92 85
0 92
98 36
5 23
86 7
6 78
61 93
43 58
14 23
49 56
85 0
84 70
67 42
34 72
11 37
51 30
16 60
41 16
22 28
0 83
65 26
78 78
2 99
35 78
49 4
21 99
16 94
43 77
78 20
15 74
29 72
78 51
5 69
12 8
31 86
28 10
58 50
35 86
55 67
23 35
15 52
70 82
13 46
93 35
94 0
19 42
5 34
99 85
20 79
5 93
0 40
27 49
19 21
79 61
63 73
0 37
56 77
41 73
21 93
84 40
18 14
62 11
80 26
52 63
21 4
58 28
14 66
58 0
0 18
72 31
69 56
42 1
41 44
47 15
35 58
91 71
98 42
31 58
14 28
20 70
30 95
86 95
98 71
0 68
40 37
37 36
47 19
25 56
69 71
