# Penalty = 34289.41409746315
105
25 5
86 53
72 9
12 98
50 36
19 10
28 73
23 29
30 30
18 93
62 87
32 67
8 36
88 33
1 56
35 45
56 94
9 20
87 81
49 81
81 36
0 90
59 50
88 87
56 29
71 98
18 73
93 58
49 99
44 8
7 8
15 51
32 6
36 73
92 25
86 38
91 3
79 13
42 38
63 69
80 54
52 67
41 87
33 19
89 17
4 3
51 27
0 70
9 68
4 94
56 23
42 1
73 84
94 65
56 84
65 63
80 80
63 97
62 9
51 77
93 73
96 42
41 93
88 67
32 82
82 73
11 60
44 15
23 79
4 22
62 16
20 59
3 61
68 62
78 22
93 11
95 80
20 44
89 96
6 84
62 44
57 62
66 84
94 85
15 2
73 0
0 19
60 78
49 50
37 28
27 89
42 22
55 44
24 54
27 38
3 28
75 52
33 24
21 15
40 53
55 12
65 2
72 26
2 42
45 73
