# Penalty = 37855.619289
118
0 53
0 69
0 84
1 7
1 37
3 23
3 95
4 55
4 74
4 98
6 60
8 41
9 0
9 36
10 81
12 18
13 66
13 90
14 55
15 41
17 13
17 18
17 83
18 69
18 93
22 89
23 3
23 33
23 41
24 56
25 25
26 2
26 75
27 30
27 61
28 9
28 27
29 20
29 74
29 92
30 46
32 68
33 76
34 14
37 62
38 42
38 52
40 23
41 3
43 2
43 86
43 93
44 98
46 23
46 65
47 9
48 18
48 71
49 51
51 33
52 13
52 38
52 47
53 67
54 84
55 52
55 77
56 20
57 91
58 34
60 98
61 2
61 6
63 57
63 64
64 21
65 95
66 16
67 31
68 71
69 50
69 81
70 17
70 25
70 85
71 45
72 3
72 35
72 99
74 84
75 78
77 4
78 48
78 61
79 70
79 99
82 17
84 61
85 10
86 30
86 47
86 92
87 24
88 72
90 80
91 3
92 38
92 77
93 72
93 94
95 9
95 24
95 99
98 0
98 19
98 62
99 38
99 85
