# Penalty = 35552.953337
113
0 9
0 25
1 18
2 35
2 43
2 99
3 11
3 81
3 85
4 71
4 96
8 39
8 64
9 50
10 11
10 58
12 0
12 33
14 21
17 16
17 80
18 98
20 60
21 21
21 86
22 2
22 74
23 46
23 52
25 77
29 33
29 59
29 74
30 8
30 16
30 50
34 92
35 14
35 61
35 96
36 20
36 30
37 47
38 37
38 85
41 63
43 0
43 44
44 8
44 72
45 91
46 30
48 8
49 58
49 99
50 16
50 22
50 77
51 1
51 31
51 50
53 84
54 12
54 42
56 36
56 56
57 70
57 79
59 88
61 7
62 40
63 23
63 54
63 95
64 85
66 75
67 65
69 11
70 61
71 41
71 69
76 64
77 98
78 83
78 84
79 0
80 24
82 51
82 99
83 18
83 33
83 77
84 33
84 62
85 48
88 12
89 48
90 20
90 67
92 62
92 81
92 88
93 4
93 88
96 0
97 19
98 22
98 89
99 36
99 42
99 56
99 63
99 95
