# Penalty = 34726.01306837841
106
57 98
55 80
14 12
58 66
56 0
88 32
9 54
18 51
17 42
14 78
51 69
36 96
78 31
74 26
65 37
38 14
89 46
84 16
1 54
78 55
93 54
52 45
81 70
79 81
50 52
63 95
76 40
24 2
63 59
2 26
77 86
79 45
23 10
31 43
36 58
98 43
61 76
29 52
50 5
97 84
62 80
96 77
34 16
58 21
53 62
71 58
7 78
0 7
56 36
71 5
6 40
30 2
85 68
98 60
0 19
67 69
41 90
33 87
42 35
70 19
76 2
30 61
17 26
26 38
46 76
3 68
70 40
93 28
60 52
58 32
7 1
35 67
85 23
7 73
12 27
31 23
8 33
96 13
31 66
61 7
8 15
68 89
2 46
19 95
91 10
91 95
44 49
16 18
5 97
36 48
25 93
76 12
23 67
62 13
88 73
13 82
10 93
61 43
90 3
84 95
31 31
36 22
66 22
64 53
58 94
90 17
