# Penalty = 38302.02393011212
109
93 48
96 52
76 96
88 34
46 4
2 70
99 21
56 24
9 6
56 41
97 89
53 95
26 74
58 75
33 54
97 11
60 96
87 9
56 36
74 39
99 32
69 66
71 46
74 3
31 96
44 50
83 44
77 20
59 90
86 63
2 65
60 1
20 77
3 51
20 47
26 56
55 69
7 95
84 95
41 86
88 23
56 58
89 39
22 13
56 51
94 34
40 78
24 41
28 19
41 3
90 71
52 62
30 12
17 95
67 22
58 80
76 53
97 62
74 71
51 76
69 8
23 82
55 30
60 8
62 38
17 99
3 90
6 20
67 93
73 25
93 3
45 83
42 42
66 64
69 32
26 54
82 99
30 1
73 57
98 96
69 72
45 34
31 76
64 88
82 20
9 29
63 18
45 67
37 65
26 9
45 13
12 77
82 89
37 20
90 49
48 56
28 39
76 80
77 60
41 11
85 75
78 2
15 53
6 81
14 34
17 61
5 2
59 55
42 21
