# Penalty = 38150.49155
114
0 50
2 87
2 96
3 8
3 82
4 34
4 65
6 37
6 72
7 23
7 51
7 57
9 81
10 9
10 30
10 67
14 37
15 16
15 94
16 75
17 5
18 80
18 98
19 10
20 33
21 19
21 56
23 0
23 38
25 64
25 71
26 46
27 6
27 29
27 54
28 23
28 38
29 93
31 0
31 86
32 95
33 11
33 48
34 25
37 39
37 81
38 7
38 15
38 54
39 63
41 69
42 0
42 45
42 55
44 39
45 83
46 17
46 93
51 0
51 22
51 44
52 27
52 55
52 97
54 81
55 71
56 51
57 6
58 36
59 59
60 11
60 85
60 96
62 68
64 82
65 5
65 9
65 37
66 30
68 23
68 59
68 64
68 97
69 73
69 81
70 0
71 9
71 50
72 88
73 57
74 95
76 20
76 40
78 48
80 31
81 16
82 62
82 98
83 70
83 79
85 4
86 44
87 64
87 89
88 58
88 73
89 48
94 45
94 83
95 14
95 31
98 17
98 91
99 38
