# Penalty = 37158.536999
111
0 11
0 33
0 50
0 61
0 82
1 25
1 97
2 40
5 19
6 66
6 81
7 5
8 38
9 29
9 44
10 23
14 51
14 59
15 69
16 44
17 58
17 83
19 15
20 12
20 64
21 0
23 30
23 45
24 21
24 40
24 81
25 71
25 96
28 13
30 68
32 27
32 33
32 53
33 87
35 12
37 47
37 96
39 27
39 49
40 81
41 6
42 11
45 78
46 34
46 62
47 58
48 24
49 10
49 83
50 40
51 64
51 93
52 18
53 26
53 75
55 4
55 32
56 9
58 41
59 0
59 88
60 50
61 74
62 60
64 17
64 84
65 42
66 23
66 88
67 46
68 19
69 27
69 61
69 98
71 71
72 42
72 96
73 2
73 82
74 51
75 34
76 13
78 29
78 98
79 78
80 37
81 69
82 54
82 85
83 31
84 12
84 99
86 17
87 64
88 40
88 82
89 44
89 89
91 54
92 24
94 10
96 38
97 74
97 91
98 30
98 47
