# Penalty = 38489.930430329485
115
46 16
34 99
97 39
1 22
4 71
54 62
40 3
63 55
84 88
60 45
40 76
66 49
71 43
62 89
25 19
79 31
29 46
11 99
76 20
36 39
37 53
99 66
12 71
34 30
48 85
33 90
56 59
32 24
60 96
16 19
15 76
90 97
68 93
30 4
5 28
74 98
10 57
99 1
56 30
54 0
65 9
47 38
50 24
97 75
4 46
89 13
22 5
54 92
98 95
69 2
70 27
72 57
28 66
3 36
2 85
99 7
79 43
52 99
48 78
57 37
50 71
2 14
18 89
8 7
79 12
32 76
7 77
79 63
4 99
10 19
92 5
44 99
15 0
5 43
1 7
60 70
18 50
64 23
27 92
69 81
85 6
60 6
13 33
83 78
25 41
0 90
52 45
76 62
73 79
9 91
73 35
89 53
68 95
60 66
79 84
3 60
91 20
85 64
91 35
89 83
61 14
32 15
61 33
36 70
74 47
97 55
23 27
34 46
62 80
30 85
12 47
99 23
28 68
26 82
83 70
