# Penalty = 36585.615785
112
0 31
0 51
0 97
2 37
3 5
3 21
4 35
5 11
5 62
5 79
7 68
7 73
9 90
9 97
10 53
14 23
15 13
15 46
15 61
18 18
19 32
20 64
23 43
23 92
24 50
25 2
26 78
26 96
28 6
29 27
30 30
30 53
31 24
31 48
31 63
32 38
33 2
35 21
35 67
36 99
39 15
39 85
40 0
40 52
40 59
41 71
41 81
43 15
44 85
47 1
47 23
47 39
48 47
49 20
49 95
52 40
53 26
53 46
53 70
54 24
54 54
55 2
55 7
55 61
56 70
57 91
58 76
59 31
60 8
61 40
62 55
64 89
64 94
65 15
66 32
66 63
67 80
68 53
69 41
69 56
70 18
70 98
74 33
74 84
76 5
76 38
78 22
79 69
79 93
80 28
80 43
80 52
80 86
81 78
83 59
85 11
86 2
86 48
86 73
86 92
89 66
91 1
91 52
93 87
94 15
94 23
94 36
96 46
97 31
99 17
99 55
99 98
