# Penalty = 34358.457382
108
0 9
0 80
0 91
1 23
1 35
4 99
5 54
6 19
6 40
6 59
8 1
11 34
11 93
12 72
13 15
14 82
15 23
15 88
17 50
18 18
19 32
19 68
20 87
20 99
22 4
22 84
25 13
25 54
25 92
26 74
28 12
28 31
29 27
30 56
32 39
32 45
34 25
34 95
35 78
36 59
38 7
38 73
38 99
39 53
40 44
40 79
41 18
42 58
42 91
45 4
46 33
46 40
47 19
48 67
49 82
50 56
50 94
52 27
52 64
53 4
54 33
55 50
56 13
57 42
57 69
57 96
58 10
59 27
61 75
63 18
64 13
64 67
65 44
68 27
70 18
70 90
71 37
72 51
72 94
73 56
74 42
75 76
77 60
78 4
78 10
79 36
80 69
82 98
83 63
84 31
85 86
86 22
86 72
88 39
90 53
92 87
93 42
94 24
94 73
95 5
95 83
96 0
96 97
97 40
97 56
97 72
98 14
99 28
