# Penalty = 34619.3049721535
86
48 37
28 15
17 19
73 86
13 5
99 14
31 42
67 71
79 46
47 0
11 32
92 59
90 82
97 87
83 73
85 20
93 91
92 7
67 66
82 42
53 22
98 46
55 4
18 5
74 62
75 53
78 2
70 26
2 2
17 10
17 25
24 42
49 18
98 29
3 17
71 89
27 9
67 54
81 99
73 96
72 47
91 74
1 10
76 16
53 16
78 94
89 48
88 98
61 43
3 29
83 35
50 27
84 28
77 28
18 35
60 29
40 30
86 77
72 71
97 55
95 81
78 67
52 43
51 9
17 45
18 51
56 25
79 87
87 6
85 15
84 23
25 26
67 15
83 56
96 67
71 80
81 60
35 13
66 6
80 11
91 33
55 36
69 34
58 50
97 7
89 0
