# Penalty = 38144.19791846681
98
65 51
59 26
14 54
94 78
46 12
52 98
81 5
19 93
45 40
23 50
14 79
33 10
91 49
2 10
14 74
4 99
69 21
1 3
48 71
52 24
60 81
98 1
84 17
61 65
40 57
12 13
98 34
71 59
45 99
91 23
60 98
54 30
36 80
37 15
23 85
75 19
55 92
87 53
94 55
60 57
63 2
59 43
64 9
26 44
68 37
31 33
46 57
75 30
83 58
88 25
68 28
53 44
15 44
93 9
38 1
90 34
55 50
30 63
49 6
96 87
71 4
80 40
34 58
63 88
83 80
77 89
4 20
6 2
25 57
24 65
47 25
43 68
9 64
18 17
28 79
44 33
32 90
70 67
25 21
87 90
33 39
23 34
54 31
76 54
31 20
79 72
77 48
3 54
55 3
39 97
45 78
81 99
41 91
69 90
68 43
54 10
39 23
52 77
