# Penalty = 35173.240004215564
106
26 79
73 32
80 33
81 3
50 53
67 5
18 34
15 28
6 26
98 27
99 98
38 75
9 41
18 44
74 74
85 17
91 59
14 1
59 76
44 15
43 29
23 24
69 60
88 45
75 88
66 15
62 97
34 3
31 21
74 46
89 45
15 59
40 70
68 91
96 87
11 95
43 89
3 96
39 56
68 69
7 15
22 20
83 63
52 78
96 7
51 90
77 60
0 28
54 67
32 35
55 85
43 48
74 51
61 89
29 45
68 46
66 30
28 7
12 36
98 49
9 80
88 31
50 21
99 71
8 55
60 43
80 18
52 45
29 90
85 78
45 74
51 37
8 99
38 22
90 89
35 14
29 93
56 36
51 16
96 18
91 65
17 82
46 37
73 37
23 51
59 58
1 61
81 75
99 22
20 65
12 77
84 10
54 94
91 75
42 8
10 62
67 83
1 23
10 12
32 40
60 7
3 47
34 67
29 21
36 61
37 42
