# Penalty = 41978.15851528723
114
20 53
88 5
87 41
18 96
88 26
64 97
19 85
69 8
15 49
21 91
89 94
55 19
86 92
90 51
58 26
70 80
41 8
1 35
94 90
73 38
27 71
72 24
37 88
96 74
3 64
31 32
59 57
49 15
18 39
71 49
55 9
79 8
96 30
18 88
70 66
17 31
82 25
58 34
41 27
71 16
69 60
35 12
81 39
32 91
97 7
41 44
47 72
79 65
99 66
8 62
53 88
88 43
44 38
77 45
74 22
45 58
14 98
60 96
12 83
59 64
32 72
62 9
2 73
68 2
56 40
43 49
17 63
16 6
23 67
9 77
40 94
56 82
31 62
15 13
78 95
24 48
33 79
28 57
74 83
41 22
15 54
83 86
32 48
6 22
62 50
88 65
18 4
17 23
23 31
69 76
2 7
28 86
85 70
7 17
93 27
39 35
30 13
32 6
46 8
42 64
5 39
43 76
83 81
43 53
94 58
6 48
46 99
15 33
57 74
27 25
64 33
17 71
63 61
57 48
