# Penalty = 38597.376074
112
0 9
0 59
0 96
3 21
3 73
4 87
4 98
7 5
7 37
7 80
8 59
10 23
12 96
13 41
14 50
14 88
15 9
15 64
18 89
20 18
20 95
21 4
21 66
22 34
22 62
23 43
24 76
25 28
25 60
27 4
28 52
29 69
30 36
30 85
31 30
31 95
33 89
34 12
34 26
35 70
36 51
36 64
38 5
39 79
40 13
40 26
41 46
42 51
43 99
44 84
47 33
47 60
47 95
48 9
48 43
49 78
50 70
50 75
52 4
52 36
53 86
54 1
54 18
54 29
55 97
56 55
56 71
58 8
58 33
58 49
59 63
60 88
63 27
64 49
65 13
65 76
66 67
68 3
68 30
69 19
71 62
71 99
72 54
73 13
73 64
74 39
75 17
77 43
77 86
78 3
78 47
79 90
81 72
83 83
84 76
86 56
86 99
88 27
88 66
89 13
91 41
91 52
92 9
94 82
94 87
95 77
96 45
97 10
98 28
98 55
98 65
99 40
