# Penalty = 32467.815661891927
95
95 28
91 21
89 45
68 89
58 76
6 13
15 2
85 73
20 18
65 5
74 25
84 73
85 8
1 23
90 7
13 26
70 4
86 82
4 57
22 72
75 84
25 14
48 65
59 51
65 14
26 97
60 44
16 87
29 52
93 60
99 42
30 74
17 51
21 89
68 50
11 53
20 9
11 20
17 68
81 32
26 62
22 82
52 99
8 74
72 65
74 45
95 3
15 59
2 92
88 50
16 95
2 4
1 82
99 9
16 78
28 9
27 31
78 60
54 5
84 55
57 14
16 25
2 68
67 36
62 37
69 83
28 19
8 99
2 96
12 95
2 21
99 33
31 0
60 28
66 95
81 22
54 81
9 63
51 89
83 41
25 89
80 5
97 30
74 92
31 83
62 68
93 78
73 18
67 64
99 59
99 71
59 97
80 17
55 24
98 56
