# Penalty = 37279.37892
112
0 5
1 44
1 51
2 2
3 26
3 58
3 80
4 20
4 85
5 5
5 96
6 79
7 11
10 33
11 98
13 24
13 69
14 10
16 32
16 47
17 14
17 67
19 8
19 39
21 82
22 8
23 25
24 34
25 55
26 99
27 75
28 3
28 24
30 20
30 53
31 69
33 41
33 86
34 13
34 49
37 27
37 83
38 35
39 54
40 43
41 89
43 60
44 32
45 39
46 57
47 68
49 25
50 4
50 12
50 76
51 62
51 84
54 47
55 97
56 24
56 30
56 67
57 9
57 47
58 81
59 38
60 46
60 61
60 87
60 96
64 16
64 67
65 8
66 79
68 0
68 38
68 53
70 22
72 30
72 55
72 76
72 84
73 37
74 92
74 99
75 58
79 17
79 63
79 82
80 11
81 96
82 37
82 86
85 4
86 16
86 57
86 79
87 30
88 41
88 50
88 94
89 36
93 61
93 65
95 93
97 79
98 16
99 1
99 7
99 22
99 39
99 50
