# Penalty = 33857.68976242913
109
66 10
30 43
97 41
77 20
82 72
93 26
14 53
2 61
92 32
99 3
1 27
10 75
46 53
84 52
92 56
64 99
11 39
70 21
32 61
53 45
27 99
28 85
97 56
62 56
52 24
70 37
61 67
69 4
31 2
30 8
99 90
54 91
84 24
48 97
22 73
35 24
39 47
77 42
20 94
52 0
48 59
37 87
43 31
20 22
6 99
67 53
47 39
2 45
97 78
99 25
84 47
10 84
88 89
5 42
98 71
38 39
24 57
83 5
86 9
30 70
65 59
15 69
79 62
28 56
42 58
76 69
37 68
29 22
45 90
45 3
53 68
70 56
80 77
52 11
17 62
2 85
10 32
47 73
4 18
5 25
3 3
26 78
58 84
51 82
97 10
83 43
83 2
84 91
67 85
69 93
56 99
15 91
37 72
66 30
72 32
19 43
73 98
61 45
33 46
1 96
3 6
38 9
26 26
86 31
0 59
97 18
56 38
94 63
82 66
