# Penalty = 36058.835415
110
1 16
1 36
1 87
3 50
3 73
5 41
6 55
7 16
7 64
8 81
9 99
10 27
11 49
14 8
14 24
15 35
15 91
16 65
17 20
17 85
18 51
18 71
21 1
21 60
22 11
23 94
24 35
24 43
25 25
25 80
28 46
30 1
30 10
30 26
30 79
31 64
32 40
33 68
34 50
35 78
36 8
37 4
38 46
39 82
40 15
40 60
41 35
42 21
44 19
46 41
47 63
48 93
49 26
49 83
50 73
50 97
51 6
51 32
53 69
54 42
54 54
55 3
55 87
57 13
57 23
59 73
62 89
63 81
64 98
65 1
65 18
65 54
67 61
68 47
70 3
70 85
73 42
73 79
75 65
76 34
76 45
76 63
76 72
77 9
78 20
78 24
78 86
80 79
83 96
84 11
84 33
87 54
88 44
88 88
90 59
90 69
90 94
92 17
92 25
93 0
93 8
93 86
94 74
95 57
96 72
97 2
98 32
99 25
99 54
99 99
