# Penalty = 32508.715623288655
107
81 81
45 91
97 73
61 67
90 15
31 69
60 14
47 1
16 5
98 58
36 31
61 0
34 11
78 71
70 68
0 96
9 46
63 46
79 88
12 39
79 24
14 73
43 84
18 26
86 50
5 47
82 59
58 97
62 47
67 54
36 80
58 23
7 3
76 85
15 98
26 84
95 77
28 25
38 76
59 89
28 55
77 44
61 32
22 69
55 64
45 42
24 93
65 61
30 1
2 29
9 31
91 97
99 6
91 60
50 39
4 13
61 37
76 40
98 40
88 99
92 30
65 76
28 48
97 34
76 30
6 67
4 95
97 24
24 72
41 15
8 61
56 16
60 82
53 1
2 63
66 82
21 12
24 31
11 78
52 84
51 50
29 95
2 91
16 87
36 42
18 59
72 58
67 96
99 92
92 46
75 1
45 32
34 61
74 24
74 9
75 38
17 34
0 54
33 2
92 72
23 49
51 25
51 56
44 26
74 95
30 17
85 11
