# Penalty = 23961.24755875329
83
84 56
37 3
28 3
94 73
40 84
39 82
96 38
62 83
93 67
58 27
92 26
15 47
10 39
61 28
56 86
4 82
51 93
29 48
79 7
83 1
86 70
11 96
85 24
9 53
15 24
97 32
98 24
27 71
27 96
18 38
74 98
84 38
41 92
67 26
94 8
46 54
28 63
0 73
45 58
60 13
82 16
76 59
55 96
4 93
11 87
28 10
96 46
94 54
93 17
26 56
1 36
4 11
30 82
18 4
60 72
94 2
76 84
26 37
15 73
18 42
85 47
59 38
75 14
39 19
57 3
95 90
5 25
19 83
0 57
48 40
28 18
19 98
84 99
37 27
75 35
26 91
25 85
60 92
50 26
51 1
54 71
47 84
17 61
