# Penalty = 38999.638675
113
0 10
0 35
0 90
1 43
1 49
2 26
2 80
5 41
6 1
6 85
7 70
8 7
9 49
10 21
10 63
11 91
13 29
13 35
14 15
14 57
16 50
19 94
20 36
20 80
21 41
21 66
22 56
23 4
24 50
27 34
27 61
27 93
28 1
29 76
30 52
32 66
33 21
34 7
35 49
36 59
36 65
36 80
37 80
39 10
39 71
40 35
40 87
41 51
42 21
43 93
44 42
44 78
45 37
46 9
47 23
47 28
48 1
48 57
48 99
50 1
51 63
53 43
54 72
56 58
56 87
57 25
57 68
57 91
58 77
59 86
61 22
61 63
62 11
65 13
66 19
66 28
66 57
68 97
70 85
71 41
73 79
73 90
74 51
75 25
75 60
76 44
78 65
79 9
79 11
79 74
80 25
81 36
81 51
81 76
82 96
85 40
88 4
88 52
90 25
90 35
91 19
92 67
93 10
93 95
94 24
95 4
95 10
95 39
95 75
95 81
96 53
98 48
98 67
