# Penalty = 31362.76824
101
0 18
0 28
0 97
1 63
2 9
3 49
4 71
7 24
8 76
9 36
9 41
9 67
10 52
10 93
10 97
13 10
14 26
16 80
17 35
19 8
19 51
19 54
19 74
23 32
23 37
23 65
24 96
27 15
27 71
28 51
29 18
31 91
33 58
33 84
34 12
34 32
38 4
38 86
42 24
42 56
43 38
43 72
43 79
44 0
44 45
45 8
46 64
48 53
49 39
51 13
51 67
52 33
52 97
53 89
54 47
56 96
58 27
58 52
58 91
59 12
60 62
60 66
60 81
62 33
64 51
64 99
65 14
66 83
67 3
68 81
73 14
73 99
74 63
74 89
75 24
75 39
76 49
76 69
77 28
78 55
79 18
80 10
81 83
81 87
82 63
84 4
84 68
88 45
88 99
89 86
90 75
91 19
91 26
92 10
93 36
95 78
95 85
96 93
97 45
98 33
98 52
