# Penalty = 37383.05094
113
0 40
0 87
2 12
2 51
2 83
3 36
3 60
4 20
4 73
6 89
8 38
9 98
10 0
11 72
12 48
12 56
13 24
14 20
16 42
16 91
18 4
18 72
18 77
21 48
22 91
25 62
25 77
27 66
28 14
28 58
29 0
29 20
29 35
30 29
31 95
32 80
34 99
35 51
36 7
36 71
38 16
38 36
39 55
39 79
40 35
41 65
42 11
43 2
43 21
43 84
44 50
45 41
45 93
46 60
49 16
49 80
51 0
51 22
53 73
54 30
55 54
56 37
57 13
58 21
58 27
58 99
59 51
59 73
59 92
60 6
60 59
61 54
61 70
64 3
64 40
64 84
65 98
67 38
68 68
68 74
70 12
71 6
71 27
71 84
72 41
74 61
74 98
77 11
78 0
78 44
78 91
79 58
79 74
80 22
82 29
82 47
84 18
84 51
86 61
88 2
88 80
90 5
91 24
91 94
93 37
94 71
95 16
96 31
96 41
97 51
97 57
99 12
99 86
