# Penalty = 37176.078531
110
0 13
0 31
0 50
1 7
1 99
2 23
2 91
3 75
4 67
5 73
5 84
8 53
8 70
9 0
11 80
12 21
12 54
13 44
13 90
14 14
14 32
15 17
17 28
17 59
18 98
19 74
20 94
21 4
22 57
26 52
26 79
27 8
27 38
28 85
29 64
30 15
30 75
31 32
32 60
33 43
34 16
35 7
35 83
36 39
36 62
36 77
39 30
39 60
40 47
41 99
42 87
44 14
45 36
46 50
46 61
46 73
47 92
48 19
50 3
50 87
51 49
52 37
53 63
55 84
55 95
57 56
58 16
60 65
60 77
60 99
66 18
67 56
67 75
69 34
69 76
70 0
70 4
70 24
70 48
72 57
73 96
74 25
74 50
74 90
79 11
80 43
80 81
80 87
80 99
81 57
81 73
83 36
84 71
84 80
86 9
86 42
87 57
88 5
89 23
89 27
89 51
90 97
92 90
93 37
95 10
95 71
95 83
97 98
98 77
99 86
