# Penalty = 30907.365583
104
0 50
0 97
1 12
2 57
3 36
4 26
4 78
5 64
8 6
8 50
8 92
11 69
11 98
14 39
16 46
17 0
17 32
18 64
18 82
19 9
21 98
22 88
25 2
25 22
30 54
30 73
30 94
31 31
32 45
32 89
33 17
34 64
35 53
36 86
38 72
38 95
39 0
40 16
40 31
43 60
44 74
46 44
47 16
48 30
49 0
49 16
50 59
50 87
52 45
52 96
54 79
55 14
55 29
55 38
58 60
58 99
60 43
62 51
62 76
63 67
64 15
65 37
66 29
66 48
66 94
67 1
67 62
67 86
68 20
68 71
69 80
70 5
75 24
75 93
76 7
76 46
78 21
78 65
78 98
80 31
81 11
81 50
82 64
82 73
83 69
84 87
85 47
87 32
89 89
90 1
91 14
91 40
92 7
92 83
92 99
94 54
95 37
96 15
96 60
98 78
98 86
99 12
99 28
99 63
