# Penalty = 33061.567445
104
0 55
1 39
1 91
4 23
5 54
6 29
8 60
8 96
9 9
12 82
13 34
13 42
13 59
15 90
16 74
18 20
18 74
22 23
22 58
23 4
23 88
23 96
25 51
26 1
26 73
27 37
29 15
29 21
29 62
29 95
31 44
31 81
33 7
33 35
33 78
35 49
37 83
37 89
38 67
39 48
40 2
40 11
43 89
43 97
45 17
45 63
46 52
46 72
47 25
50 16
50 39
51 23
51 73
51 81
53 47
55 97
56 72
57 87
60 6
65 38
65 74
66 19
66 60
66 67
67 88
67 98
68 1
68 21
72 16
72 81
73 67
74 55
74 96
76 4
78 32
78 85
80 40
80 63
80 69
81 11
81 54
81 99
82 92
84 33
86 19
87 69
88 53
88 98
89 51
90 5
90 23
90 87
90 95
94 17
94 66
95 38
95 47
95 55
96 90
97 10
97 82
98 3
98 65
99 32
