# Penalty = 33364.76244822049
105
94 23
36 86
95 65
8 30
13 0
94 84
84 67
79 55
44 26
59 99
72 28
72 59
29 85
61 19
68 82
65 12
92 2
29 4
7 83
35 74
81 90
81 16
11 2
77 2
5 97
96 30
61 84
65 91
97 9
28 44
0 37
34 43
53 15
98 51
1 59
34 52
35 98
1 21
45 0
57 33
21 23
13 85
49 5
97 37
24 30
84 2
42 79
22 87
20 15
44 17
9 37
92 81
10 76
39 92
78 21
61 38
78 97
69 42
73 28
40 65
20 99
33 66
52 84
47 45
66 73
58 61
29 48
54 47
68 5
42 55
92 7
6 16
77 80
19 71
51 39
90 34
38 62
35 11
38 33
16 57
6 97
21 5
2 51
89 48
24 63
46 31
58 22
25 68
78 65
56 57
33 38
64 98
63 3
49 53
47 70
36 21
55 92
43 8
79 35
19 65
60 5
14 43
71 67
17 50
51 74
