# Penalty = 46290.7052271565
110
16 13
24 2
41 64
1 76
49 50
60 67
17 39
69 68
5 11
60 97
7 17
47 83
39 71
78 40
47 28
72 4
57 80
15 66
58 38
9 75
53 3
50 67
76 72
40 43
5 41
29 58
0 3
30 75
0 60
76 45
34 13
78 96
32 65
86 14
70 59
96 76
94 65
84 55
58 25
47 21
70 81
79 77
72 90
63 35
97 7
17 2
0 42
13 24
55 31
43 3
42 27
68 43
98 21
60 51
24 64
95 36
29 19
2 60
24 34
82 15
27 27
93 15
11 59
73 55
36 52
83 44
73 38
21 57
0 14
28 13
63 89
30 21
48 40
31 85
22 22
62 0
44 14
42 58
28 97
70 97
92 72
84 82
46 72
84 33
35 32
57 73
69 50
32 97
17 85
43 36
24 42
27 46
90 56
10 31
64 17
93 44
96 49
84 76
95 92
55 92
66 11
14 89
75 32
86 7
66 41
88 21
41 97
91 29
32 3
15 96
