# Penalty = 35161.163669336165
106
43 50
36 10
75 13
7 50
21 48
87 83
27 69
32 35
29 52
84 8
92 33
37 94
57 24
1 67
88 11
4 99
89 18
59 32
35 49
94 70
45 35
6 6
29 23
23 39
96 94
96 48
84 73
43 56
95 3
39 0
93 39
22 95
65 89
46 93
44 98
99 7
32 27
51 92
76 35
50 30
89 94
3 22
15 94
41 70
69 97
35 21
82 42
63 82
43 16
93 56
78 21
48 66
68 68
29 96
98 65
62 6
61 74
52 68
34 78
31 42
50 50
24 86
56 7
12 76
38 85
78 28
74 62
43 25
19 62
60 99
1 36
33 86
67 49
73 89
9 83
64 52
38 35
70 6
5 59
19 41
15 32
56 83
5 74
19 18
94 24
58 46
69 22
16 16
30 7
60 55
81 56
58 85
33 13
76 72
79 4
82 91
78 86
94 62
67 72
3 42
81 48
4 91
37 56
84 2
67 38
50 11
