# Penalty = 37896.71543097918
111
66 73
18 57
31 69
93 32
22 2
15 66
15 9
7 57
50 55
10 11
20 74
3 48
48 69
40 96
64 51
24 88
32 33
81 20
97 50
8 33
6 71
27 51
54 89
56 83
98 27
1 12
81 74
67 54
25 77
21 42
62 2
86 74
33 83
76 1
24 9
76 86
96 7
9 43
5 37
81 1
69 93
17 47
18 2
36 6
41 59
82 59
74 61
71 27
13 87
59 36
56 26
49 47
78 15
94 67
90 0
39 63
91 88
78 94
85 38
67 83
22 66
92 14
94 60
72 79
19 24
97 97
27 58
40 28
25 34
94 68
72 12
76 43
42 3
45 45
12 27
64 59
98 82
4 19
31 97
56 22
50 39
3 76
0 19
66 32
64 40
99 34
41 66
56 15
91 22
95 75
50 5
64 10
86 48
27 55
97 18
39 87
39 36
79 34
94 89
23 82
80 10
3 97
60 18
33 23
63 77
18 31
26 19
4 85
31 48
91 46
48 76
