# Penalty = 34416.443492047714
107
65 83
99 29
71 77
69 3
15 8
1 1
21 99
58 70
72 91
61 17
99 93
60 38
7 90
53 20
78 48
84 0
46 41
34 71
17 18
5 73
27 28
7 0
11 42
4 24
66 14
63 55
75 3
75 80
57 54
25 85
77 64
22 23
38 66
37 75
53 44
97 95
21 3
51 59
93 0
16 38
53 37
65 76
61 6
73 96
3 97
80 34
30 66
37 3
90 44
4 4
38 48
33 32
11 97
84 55
14 22
7 8
52 94
7 18
70 60
16 60
44 26
2 15
21 52
19 26
52 68
65 60
6 48
35 95
33 11
32 34
25 96
95 25
43 7
76 19
88 64
66 92
34 90
9 83
52 75
39 34
75 29
94 11
20 46
10 32
16 70
29 4
66 31
99 22
42 58
35 85
58 97
59 30
36 17
81 20
79 72
89 75
99 55
1 32
73 45
35 40
90 40
47 96
2 63
96 79
21 82
79 98
49 51
