# Penalty = 34769.62380239968
103
80 71
4 93
59 75
94 93
27 87
16 74
78 27
4 48
80 41
13 90
42 61
67 82
57 9
33 10
66 39
14 5
38 14
53 23
24 47
79 68
20 26
49 48
81 77
43 66
87 32
92 51
76 85
65 96
97 67
86 91
35 42
61 20
16 98
19 99
63 43
74 13
56 99
53 72
59 68
16 23
52 13
79 94
56 53
22 65
4 31
9 85
64 24
4 2
20 37
73 33
46 88
47 96
39 45
89 24
33 3
0 11
50 30
5 54
19 8
37 70
49 39
95 8
98 36
66 16
34 28
64 6
97 75
74 8
13 45
24 15
83 19
64 53
18 60
65 64
85 55
62 86
26 61
74 77
30 48
42 81
88 47
97 22
53 33
13 13
47 22
5 9
9 79
46 16
65 76
74 54
34 36
23 76
74 43
8 70
44 1
89 65
49 94
39 97
60 82
19 0
83 11
16 82
31 17
