# Penalty = 34355.28481
111
1 71
2 61
3 94
4 7
4 45
4 56
4 80
4 99
5 37
5 66
7 84
12 1
12 21
13 45
13 81
15 14
15 36
15 89
19 53
19 62
20 47
21 76
21 93
22 33
23 12
23 69
25 61
26 75
27 27
27 99
29 34
30 6
30 88
31 13
33 54
34 50
34 58
35 39
35 92
37 0
37 53
40 78
41 26
41 84
42 70
42 99
44 3
44 26
44 77
45 12
45 41
45 63
49 20
49 41
49 69
51 27
51 55
51 94
52 50
56 77
56 98
59 30
59 51
60 79
61 61
61 84
62 6
62 14
63 37
65 23
65 65
69 13
69 19
69 51
70 33
70 99
71 3
71 82
73 26
74 47
74 76
74 91
75 67
77 99
78 8
80 89
82 6
83 50
84 26
84 36
86 20
87 53
87 84
88 46
88 87
89 32
90 5
90 67
91 98
92 23
92 50
93 82
94 59
95 96
96 2
96 18
96 64
96 73
96 99
99 30
99 78
