# Penalty = 35990.493657
109
0 22
0 90
1 15
2 57
4 42
4 79
6 60
7 0
7 74
9 46
9 96
10 79
11 5
11 88
11 93
12 30
13 13
15 33
15 51
18 47
20 66
21 11
22 27
22 29
23 52
25 4
25 23
25 74
25 85
26 10
26 42
26 96
29 88
30 69
31 24
32 76
33 2
33 40
34 55
35 96
37 0
38 31
38 34
39 17
39 50
40 9
40 79
41 87
44 65
45 30
45 56
46 63
47 12
49 20
49 73
49 90
50 6
50 26
50 49
51 40
52 35
54 82
55 10
55 76
56 1
58 62
59 79
60 29
61 16
61 46
61 69
61 98
64 54
65 22
67 84
68 68
70 28
71 9
72 59
73 37
73 77
73 82
75 51
78 13
78 35
78 45
79 95
81 6
85 13
85 28
86 70
86 91
87 63
88 75
89 48
89 85
91 19
91 29
91 91
92 11
92 34
92 68
93 50
94 43
95 77
97 3
99 24
99 32
99 84
