# Penalty = 34921.292646
103
0 28
1 88
3 45
3 63
3 74
6 55
7 15
7 69
8 27
8 35
9 49
9 76
10 95
12 85
13 11
13 55
14 31
14 99
16 45
17 5
19 62
21 54
22 38
22 83
23 27
23 46
24 77
24 98
30 10
30 59
30 90
31 31
31 41
36 60
36 77
37 23
38 71
39 44
40 12
40 52
41 38
43 18
43 81
43 96
44 29
44 62
46 67
48 44
48 51
51 6
51 21
51 62
52 65
52 85
54 48
55 35
55 45
58 21
58 63
60 77
61 84
62 62
63 98
64 76
65 92
66 8
66 34
66 70
66 83
68 41
69 2
70 48
71 56
72 13
73 21
73 40
73 62
74 76
77 56
78 98
79 42
80 7
80 78
81 77
83 1
83 92
84 21
84 50
84 71
86 27
88 10
88 41
89 65
91 51
91 88
92 95
94 36
96 12
96 42
96 82
97 96
98 27
99 56
