# Penalty = 36275.04147067201
104
86 56
29 50
31 59
40 75
31 34
19 95
91 96
70 93
95 9
47 94
26 91
56 83
2 18
5 99
89 0
1 3
64 53
8 36
39 60
57 55
46 73
29 3
14 43
7 26
47 65
12 69
36 0
9 15
83 62
8 45
67 5
39 68
98 37
62 45
74 24
88 31
47 41
64 78
32 69
41 49
22 47
88 12
75 37
94 44
14 23
14 40
17 49
68 19
15 0
33 64
36 27
94 76
44 96
49 6
91 39
63 48
95 90
55 25
9 74
63 23
73 13
25 13
28 83
93 29
74 88
23 81
61 59
19 26
33 45
96 53
17 0
75 2
21 56
46 24
83 59
53 64
75 96
39 29
74 66
14 88
82 26
54 78
69 64
77 90
28 22
42 89
64 67
60 32
58 9
55 67
47 48
63 86
85 4
84 81
4 66
57 18
53 33
5 40
23 36
40 22
78 52
89 75
1 51
43 8
