# Penalty = 34429.619535
109
0 45
0 98
1 29
1 64
3 15
3 59
3 74
4 7
6 49
6 89
8 91
9 17
10 1
12 62
12 74
14 37
14 44
14 88
15 23
15 47
17 68
18 5
18 97
19 42
20 31
22 12
22 73
23 20
23 88
25 26
28 29
29 20
29 88
30 45
30 74
31 50
31 59
33 14
35 79
36 94
37 8
37 76
38 32
38 58
38 65
40 16
41 38
42 95
43 24
43 80
45 58
45 90
46 46
47 34
48 20
48 85
51 6
51 83
52 0
52 53
52 60
52 69
54 14
54 69
56 87
56 99
57 35
58 20
60 41
60 72
65 86
66 1
66 22
68 46
68 71
70 94
71 38
73 56
73 80
74 46
74 66
74 71
75 89
76 20
77 34
80 26
81 53
82 7
82 67
82 96
83 0
84 95
86 17
87 58
87 81
89 13
91 37
92 18
92 44
92 83
93 76
95 28
95 59
96 44
97 4
97 53
98 93
99 11
99 36
