# Penalty = 33782.08835406486
104
67 32
1 63
59 85
51 29
96 19
28 65
18 68
80 78
22 82
35 62
87 94
13 4
62 26
67 67
98 1
20 53
5 99
95 9
99 15
54 5
91 40
69 2
77 58
62 99
4 16
96 40
95 97
61 40
17 49
40 30
66 77
60 90
72 64
32 74
64 60
76 3
31 80
46 96
18 12
68 54
33 14
55 40
88 57
75 91
72 98
84 11
32 95
58 54
85 20
10 80
13 87
27 48
11 29
11 94
32 7
84 27
67 21
78 47
69 35
4 88
44 44
6 10
9 24
99 67
84 88
83 52
1 78
38 93
25 74
49 65
60 74
94 26
8 65
52 72
61 7
1 47
51 87
52 20
34 44
70 18
55 4
55 78
0 38
96 76
47 27
20 35
30 88
38 40
34 52
5 61
17 94
47 12
10 51
27 1
89 27
76 9
73 84
44 59
24 88
25 26
96 43
54 14
45 88
81 64
