# Penalty = 34807.73828475463
106
91 90
34 78
10 52
7 79
92 51
46 17
47 86
35 44
58 41
18 2
86 7
48 72
88 76
12 7
84 64
80 13
43 96
63 4
62 1
36 51
53 77
71 57
67 74
57 45
9 44
63 78
35 28
66 84
57 92
17 91
23 45
56 27
79 43
80 82
6 61
50 67
25 55
77 3
40 99
88 98
32 13
22 79
75 90
97 9
4 25
62 26
63 44
47 11
5 32
38 22
30 30
56 84
58 98
98 65
79 98
18 40
88 14
70 66
40 91
72 97
98 25
72 15
49 43
0 66
4 38
48 2
91 60
35 8
91 28
83 73
77 45
66 32
16 11
44 39
55 59
74 18
93 36
49 53
36 75
35 37
87 50
17 59
79 38
45 27
28 82
0 74
31 58
21 31
0 7
9 47
0 81
97 77
66 59
76 29
86 0
60 55
16 73
42 79
88 83
70 25
60 30
16 26
21 36
39 60
39 70
99 1
