# Penalty = 34604.2513368909
107
14 66
70 60
73 94
64 23
29 24
11 38
4 43
66 41
76 39
28 74
36 31
43 74
3 89
42 2
79 95
97 44
59 61
88 55
47 94
56 47
27 32
78 66
22 51
92 68
30 54
7 48
57 2
50 49
35 80
99 64
64 16
0 15
20 79
61 91
30 10
96 98
31 36
39 89
95 78
62 38
12 2
15 33
1 72
96 0
93 4
11 99
55 57
47 32
16 96
57 98
56 36
12 24
99 54
83 33
27 50
78 6
4 84
5 0
14 56
77 75
84 69
58 16
21 24
82 26
59 80
70 24
43 25
84 19
89 18
43 86
8 8
10 42
38 9
22 69
68 2
7 16
57 30
15 10
81 12
24 93
47 7
50 22
37 99
25 84
63 77
25 56
40 39
97 85
39 59
39 65
19 85
54 64
53 74
30 65
98 30
7 70
35 45
98 7
65 93
90 85
82 1
92 41
60 54
26 99
49 79
24 11
36 84
