# Penalty = 35826.691477
109
0 58
0 66
0 85
1 30
2 80
3 50
4 15
4 62
6 51
7 30
8 3
8 24
9 9
9 45
9 64
10 78
10 96
12 50
12 82
14 15
15 29
15 87
16 41
16 65
18 1
19 58
19 77
21 97
22 19
23 4
23 28
23 51
23 72
25 63
25 88
26 42
26 52
27 96
30 67
32 8
32 84
35 13
35 41
35 99
36 22
37 7
37 36
37 53
38 69
40 57
40 90
41 28
41 43
42 0
42 85
44 66
44 76
45 21
46 90
49 15
50 1
50 47
51 39
51 99
52 73
54 9
55 42
56 12
58 52
58 60
60 86
61 81
65 5
65 95
66 28
66 48
67 73
67 99
68 23
70 14
71 82
73 0
74 36
74 94
75 28
75 76
78 36
79 6
81 0
81 63
82 95
83 54
83 81
85 26
89 29
89 58
90 7
90 67
92 39
93 15
93 74
94 57
95 16
95 49
96 0
96 23
97 96
98 71
99 88
