# Penalty = 35289.927502
108
1 38
2 14
2 75
2 94
3 0
3 28
3 48
3 56
4 65
6 99
7 42
7 79
7 83
8 34
8 88
9 20
10 27
11 64
12 53
13 4
15 39
16 7
16 36
17 14
17 55
17 99
21 0
21 41
21 69
21 85
22 55
22 63
23 21
23 27
24 81
26 49
27 24
27 95
29 14
30 5
30 34
30 40
36 33
36 99
37 63
39 82
40 5
41 56
42 20
43 71
44 6
44 35
45 49
45 95
48 57
48 63
48 86
49 26
50 40
51 33
53 92
56 22
56 44
58 36
59 29
59 93
60 71
61 8
61 50
63 1
64 78
65 64
65 80
67 48
67 85
67 96
69 15
70 39
72 53
73 24
73 31
73 78
75 46
75 63
75 69
78 2
78 38
78 95
80 28
81 83
82 9
83 3
83 18
83 48
87 57
87 97
89 48
89 66
90 72
91 16
92 41
93 34
96 10
96 80
96 97
97 85
99 31
99 38
