# Penalty = 34956.169467840475
109
13 58
12 22
81 13
81 83
2 67
0 19
26 44
86 89
69 73
95 84
46 63
32 51
67 11
90 0
24 35
24 79
51 99
82 98
99 11
69 52
45 34
53 91
94 48
74 9
27 1
41 72
59 13
38 34
26 73
75 23
81 41
16 54
36 0
2 8
79 20
17 68
49 19
79 72
14 84
58 84
98 97
87 42
51 0
60 64
60 35
17 98
5 73
99 3
93 24
8 80
68 2
82 27
22 96
52 14
38 28
67 32
8 7
48 48
54 21
38 64
61 69
79 66
35 89
33 12
92 17
4 2
96 54
56 45
75 66
76 51
31 33
80 86
73 41
88 32
89 70
72 86
3 95
68 94
63 97
61 18
97 21
89 62
58 4
7 99
99 74
27 19
0 81
73 58
31 43
15 11
94 89
34 57
52 37
34 17
28 79
94 64
7 43
90 56
99 68
96 7
46 42
82 5
52 85
72 27
39 89
19 6
47 70
38 10
44 0
