# Penalty = 36246.40411711527
106
76 76
72 58
49 52
60 97
75 19
60 4
97 87
64 53
75 3
1 35
41 49
53 13
4 58
76 81
82 64
53 69
49 23
48 45
44 2
62 36
10 71
38 86
31 76
67 35
93 39
33 47
36 16
67 59
94 76
3 8
66 47
63 87
51 95
18 83
78 49
3 45
37 97
34 51
68 82
20 76
25 52
18 11
75 9
95 34
30 29
7 30
97 45
25 67
97 53
17 97
83 24
17 66
9 99
91 18
4 0
27 25
3 78
22 61
74 35
0 86
43 16
3 93
23 9
7 42
67 67
39 54
59 58
46 71
39 74
83 97
94 48
89 25
23 32
54 29
69 96
55 3
20 53
40 34
61 26
16 31
8 62
14 17
92 93
68 10
42 82
53 97
88 67
57 87
76 41
72 5
99 15
13 80
46 78
21 59
86 64
59 12
60 82
19 39
88 32
28 13
80 51
22 0
85 21
31 66
84 81
24 96
