# Penalty = 72516.36528
164
0 1
0 6
0 17
0 18
0 43
0 59
0 72
0 74
0 87
1 29
1 92
2 33
6 58
6 78
7 15
7 34
7 43
7 93
8 1
8 5
8 20
9 29
9 85
10 48
11 63
13 0
14 14
14 56
14 62
15 78
16 4
16 23
16 32
16 81
17 47
22 40
23 1
23 26
23 79
23 99
24 11
24 36
24 51
24 84
24 94
25 65
25 68
26 6
26 22
26 54
30 6
30 29
30 64
31 51
31 78
31 99
32 15
32 37
32 39
32 83
33 22
33 69
34 0
34 54
38 14
38 78
38 97
39 36
39 64
40 19
40 39
40 52
42 5
42 93
43 0
43 70
46 16
46 36
46 62
46 77
46 97
47 19
48 25
48 51
48 67
48 87
49 5
50 2
50 42
54 22
54 34
54 40
54 50
55 85
56 8
56 26
56 79
56 94
56 99
57 64
57 71
58 54
62 21
62 78
63 63
64 1
64 35
64 67
64 82
64 93
65 5
65 49
66 13
66 42
66 58
67 28
70 5
70 34
70 43
70 96
71 20
71 48
72 68
73 93
74 12
74 77
74 82
79 47
79 82
79 97
80 33
80 44
80 90
82 14
82 58
82 65
83 0
83 28
85 28
86 20
86 65
87 98
88 0
88 71
88 86
89 14
89 57
89 93
90 34
90 43
94 43
96 6
96 50
96 61
96 99
97 20
97 75
98 0
98 28
98 36
98 57
98 82
98 89
99 14
