# Penalty = 33539.067311
110
0 68
0 77
2 39
2 54
3 21
3 33
6 25
6 47
7 7
8 74
9 17
9 97
10 53
11 67
12 2
12 38
14 88
15 9
15 48
17 31
17 34
17 62
18 92
20 52
22 23
22 76
23 99
24 52
24 84
25 19
26 1
26 37
30 23
31 65
31 99
32 39
32 82
33 3
33 67
34 32
35 7
37 46
37 61
39 7
40 0
41 75
41 81
41 99
44 47
45 58
45 66
46 78
47 25
47 44
47 72
47 94
49 19
50 52
53 12
54 92
55 38
55 97
56 33
59 12
59 54
61 95
62 32
62 52
62 78
63 26
63 85
66 6
66 23
67 79
69 1
69 65
69 70
70 98
71 38
72 19
73 48
75 41
76 33
76 73
76 96
77 55
79 94
80 22
82 7
82 54
83 69
84 61
84 68
85 98
87 82
88 24
88 83
89 10
89 47
90 32
90 40
93 86
94 26
95 77
96 53
97 11
98 58
98 60
99 21
99 97
