# Penalty = 33249.62472709477
105
61 0
82 92
97 86
99 95
2 59
67 29
42 10
0 75
27 21
11 65
24 39
21 89
98 42
60 49
97 62
56 14
45 62
25 7
31 58
1 26
84 74
92 98
7 90
33 98
4 85
32 22
74 71
33 8
9 35
57 64
56 71
65 56
95 8
35 55
6 85
80 90
40 94
22 95
65 96
14 73
52 49
11 27
5 3
27 80
55 76
37 63
0 18
99 48
44 2
89 89
35 88
7 51
34 95
46 78
14 70
46 46
66 93
24 73
26 54
4 4
76 44
62 15
35 34
12 49
87 0
60 67
91 32
36 36
68 22
74 64
46 24
68 42
83 34
88 18
69 78
10 8
83 65
86 42
28 0
20 67
55 40
66 1
90 47
97 46
20 37
83 49
28 82
18 52
55 91
5 65
71 58
16 53
93 24
52 32
58 32
48 8
61 18
13 17
94 18
96 72
73 27
24 4
14 20
72 43
30 64
