# Penalty = 36919.02631
111
0 77
0 85
1 55
1 66
3 28
4 11
4 92
4 95
5 48
6 34
6 91
10 55
10 72
11 3
12 61
13 18
13 69
14 75
15 47
17 25
17 40
18 1
18 9
19 47
19 85
19 97
22 63
22 80
24 92
26 83
27 12
27 22
28 59
28 67
28 78
29 0
29 50
31 26
31 36
32 7
33 42
33 98
34 92
36 1
36 65
37 74
40 28
40 51
41 36
41 42
41 60
43 6
43 17
43 52
43 81
48 97
49 32
50 61
50 94
51 79
52 75
54 42
55 41
55 99
57 49
58 55
59 81
62 5
62 25
63 87
64 32
65 68
66 16
66 50
66 60
68 66
69 40
69 76
69 91
72 51
75 19
75 36
77 25
78 88
79 80
80 51
80 64
81 6
81 15
82 61
82 97
83 42
84 0
85 78
86 37
88 52
88 91
89 3
89 10
89 40
89 68
92 24
94 49
95 17
95 69
96 25
96 89
97 92
98 40
98 51
99 61
