# Penalty = 33240.078733
104
0 91
1 47
4 9
4 41
5 68
5 96
7 23
8 74
12 83
13 11
13 25
14 39
15 46
15 67
16 29
16 86
17 53
17 60
17 93
19 15
20 38
20 63
21 24
24 5
26 76
26 81
26 96
29 22
29 31
30 40
31 7
31 65
31 91
32 0
33 16
34 62
35 74
35 83
36 30
38 55
39 68
40 46
40 85
41 11
43 19
43 99
44 29
45 71
46 92
49 6
50 16
50 31
51 1
51 58
52 49
53 63
55 81
56 95
57 30
58 79
59 16
60 73
60 97
61 47
61 65
63 22
64 92
65 38
66 41
66 84
68 8
71 58
74 38
74 47
74 72
74 81
75 52
75 67
76 4
77 61
78 19
78 23
79 90
79 97
83 83
85 37
85 57
86 91
89 46
90 38
91 62
91 70
92 7
92 60
93 17
93 22
94 0
97 46
98 76
98 87
99 9
99 60
99 82
99 97
