# Penalty = 35751.55496502203
105
58 6
86 34
87 71
43 94
95 33
21 52
95 82
4 25
70 26
39 39
60 61
61 42
61 38
47 46
34 46
79 97
74 14
32 14
75 40
48 53
58 27
21 75
89 11
55 73
4 20
42 58
45 21
23 33
15 65
30 28
86 0
71 54
42 88
13 51
90 17
17 6
73 73
71 48
33 43
82 44
79 67
21 27
30 71
36 24
25 96
89 26
47 68
18 80
57 56
73 7
63 79
8 45
16 33
68 17
54 20
71 0
64 89
4 65
27 47
75 88
3 97
66 74
38 1
76 62
10 95
84 94
28 53
57 89
33 62
83 25
16 43
2 51
12 24
76 57
44 3
3 4
99 6
70 80
53 67
78 79
68 40
41 44
47 36
35 79
85 61
84 85
32 85
36 94
60 16
8 81
20 12
11 71
65 2
87 79
98 97
62 34
75 22
97 47
39 10
1 68
96 76
11 99
52 46
99 15
62 56
