# Penalty = 36905.60623126046
109
3 24
33 52
53 86
85 95
70 20
52 41
19 66
73 52
5 74
18 80
94 48
84 11
79 65
73 23
44 67
51 64
53 20
39 22
88 65
68 77
1 96
70 71
38 99
51 34
63 7
90 87
47 51
70 9
10 55
61 41
20 16
68 87
22 42
99 17
37 65
58 63
0 41
36 90
79 95
6 96
65 24
28 77
29 66
46 37
11 4
1 4
54 78
33 5
83 51
93 4
5 34
26 30
68 3
19 71
13 89
4 48
41 8
0 20
39 87
4 71
81 39
76 53
91 57
10 20
77 43
62 74
91 79
77 81
39 0
0 65
89 93
82 80
60 91
71 5
26 56
12 31
75 25
67 65
10 85
89 27
43 69
7 63
97 64
64 49
25 11
82 57
99 98
57 26
65 35
30 38
46 78
48 11
74 35
40 50
96 82
13 47
36 51
72 85
52 17
71 91
42 30
84 72
44 0
88 33
34 70
94 25
25 81
23 25
54 56
