# Penalty = 36136.82392679383
109
32 95
66 11
17 42
95 53
18 56
3 21
99 17
58 36
56 97
15 31
91 58
74 63
59 11
52 7
77 68
46 20
86 51
77 24
78 49
1 46
97 44
10 97
43 2
39 60
17 98
91 19
47 74
17 17
44 46
85 66
84 26
69 19
35 87
73 98
51 23
62 53
48 94
29 3
96 0
78 0
70 74
7 10
99 67
22 3
79 85
97 91
0 96
98 98
99 76
27 12
36 56
93 30
91 70
3 53
82 40
61 21
3 79
1 67
18 65
5 81
87 96
47 1
72 34
83 92
55 91
7 59
59 40
80 16
41 11
86 82
16 90
43 37
88 87
9 73
80 10
40 22
25 98
50 51
50 75
65 81
54 65
60 64
27 88
43 29
14 24
88 33
2 38
41 93
26 42
26 2
56 70
74 39
72 54
31 37
61 96
78 31
10 53
18 71
19 28
70 49
45 15
46 60
31 18
50 42
33 75
8 6
11 41
64 62
76 71
