# Penalty = 36172.62579216594
106
52 80
69 48
77 34
61 94
69 20
31 72
17 67
71 39
32 89
91 40
5 76
62 38
18 14
68 34
90 79
35 63
94 71
85 47
86 23
0 54
27 81
96 55
47 82
81 20
14 49
32 54
5 20
84 66
64 66
4 87
60 48
41 65
42 7
87 98
67 76
42 0
26 49
43 45
66 44
26 15
98 94
47 89
47 97
23 85
26 67
48 31
27 40
46 50
54 36
54 8
19 0
79 60
59 71
59 12
68 73
82 56
96 36
16 72
25 99
32 97
86 31
33 18
3 64
84 6
18 53
33 83
38 93
99 17
78 96
99 69
85 13
15 28
39 26
48 71
12 43
45 75
11 13
9 98
48 56
12 63
76 88
99 39
33 33
59 22
98 7
65 52
85 77
19 28
82 91
55 88
75 78
62 70
45 24
98 84
19 81
28 1
14 34
72 57
38 76
76 21
98 62
69 85
38 37
59 80
68 6
92 90
