# Penalty = 36372.610544
93
2 0
2 68
5 51
7 72
8 30
8 99
9 77
10 68
11 38
12 16
17 25
17 55
19 21
19 39
20 78
22 3
22 54
22 62
23 30
23 68
23 74
25 81
25 90
26 7
26 40
27 25
29 34
29 67
29 76
29 95
30 40
32 9
32 57
33 24
33 32
35 51
37 62
38 48
38 74
39 17
39 82
41 24
41 57
42 88
44 34
45 40
46 15
46 61
46 77
46 96
47 3
53 28
53 58
53 66
54 73
56 31
58 49
58 56
60 63
60 71
61 2
61 78
62 16
62 24
62 34
66 41
67 27
67 44
67 55
67 65
68 83
70 41
70 75
71 90
72 61
73 14
73 26
75 70
75 79
76 20
78 29
78 61
81 23
81 57
83 75
84 36
84 42
84 81
86 60
87 18
89 74
91 46
99 52
