# Penalty = 34479.46924375358
109
76 17
97 57
28 48
47 21
85 69
61 49
1 47
83 11
18 0
70 37
57 20
49 32
22 81
74 55
85 44
47 55
89 78
0 33
40 36
35 96
5 42
69 47
99 74
61 43
6 19
34 14
7 28
69 95
40 7
93 81
64 63
11 57
93 57
1 82
52 84
2 68
86 94
39 58
22 22
88 52
48 69
37 81
3 98
60 27
79 25
80 19
70 87
81 39
63 0
65 90
97 15
59 60
3 53
14 53
26 98
92 98
94 31
46 94
9 67
1 13
55 90
25 71
76 72
75 80
11 72
70 76
32 4
14 88
23 1
9 99
78 7
38 22
65 29
30 34
60 6
99 43
80 90
61 99
25 62
90 7
48 37
43 78
85 38
15 85
57 11
82 58
47 51
29 77
99 24
44 57
39 19
61 83
29 68
62 74
63 24
20 41
4 78
31 91
89 84
15 43
39 78
16 29
20 15
80 64
55 68
43 28
20 57
55 46
49 7
