# Penalty = 35992.39741
110
0 94
1 1
1 17
1 27
1 34
1 61
1 99
3 85
4 64
6 9
7 14
8 24
9 99
10 72
12 44
13 53
13 58
13 88
14 9
15 2
15 74
16 12
16 29
18 57
18 68
20 23
21 15
21 88
22 29
23 98
24 79
26 39
26 45
26 99
27 59
28 2
29 22
30 11
30 66
32 60
33 39
36 17
36 24
36 88
37 69
38 78
38 83
40 33
40 41
40 53
41 10
44 19
45 76
45 96
46 7
46 57
49 94
50 21
51 6
51 50
52 70
52 81
53 64
56 36
56 45
58 22
59 83
59 99
61 30
61 51
61 76
63 90
64 61
65 5
65 44
66 10
66 80
67 5
67 54
67 97
69 19
71 40
72 72
73 84
74 5
74 58
76 65
77 24
78 79
79 95
80 12
81 50
81 87
82 30
83 16
84 23
84 48
86 44
89 75
90 71
91 87
92 47
94 8
94 22
96 31
96 57
97 42
98 25
99 65
99 74
