# Penalty = 37051.37288334059
110
86 9
98 78
43 20
28 96
30 8
63 63
27 17
11 61
70 65
86 2
2 74
84 15
72 76
57 18
51 14
20 95
99 34
46 35
1 14
53 37
85 61
38 28
79 80
26 86
2 57
20 15
95 38
6 85
81 94
52 96
72 29
5 25
58 8
64 27
63 51
19 45
65 15
47 28
58 23
88 5
99 19
81 84
85 69
77 66
38 71
93 83
43 73
26 53
91 31
42 49
16 5
3 49
12 47
39 66
73 30
98 14
11 4
17 73
31 26
81 7
98 98
55 64
24 72
16 96
37 13
55 58
67 98
50 91
85 91
49 60
67 0
44 6
52 42
5 17
37 7
88 24
60 48
32 39
4 6
85 45
46 0
92 74
70 82
63 98
51 21
46 46
84 39
26 48
70 34
9 42
92 65
16 29
12 87
83 53
11 63
20 30
42 97
2 39
70 44
95 0
20 24
1 30
72 1
7 78
33 86
18 66
96 23
76 57
78 21
71 8
