# Penalty = 33805.125191
104
0 11
0 50
0 74
0 87
1 19
1 56
1 66
2 42
2 95
6 25
6 33
7 74
10 8
10 28
12 2
12 42
13 80
13 88
15 77
16 94
18 43
19 15
20 26
21 7
22 0
22 44
23 92
24 11
24 30
26 39
27 85
30 64
31 30
32 58
32 76
34 92
35 1
35 50
36 99
38 24
38 62
40 9
40 94
41 77
43 67
44 4
44 61
45 33
46 47
46 74
46 84
47 9
47 52
48 23
48 38
48 90
50 6
50 38
50 48
54 16
54 31
55 21
58 7
58 56
58 62
58 88
59 32
61 15
61 47
61 70
62 96
64 5
64 35
68 19
68 43
69 34
70 54
72 3
74 25
74 40
75 17
76 95
77 70
77 93
78 87
79 0
79 9
80 64
81 92
82 23
82 40
84 35
85 54
86 59
87 81
91 79
91 97
92 6
92 34
96 10
96 15
96 69
97 41
97 93
