# Penalty = 35393.00504907887
105
78 55
98 57
83 12
95 93
50 47
62 76
38 79
93 29
81 47
87 38
30 91
1 49
70 42
39 85
45 86
13 65
63 84
13 17
14 37
84 10
52 61
59 3
56 65
27 20
28 74
44 49
76 90
12 0
6 37
92 37
75 64
1 57
26 29
28 3
92 93
15 80
84 32
48 24
41 26
36 42
75 2
36 97
88 21
99 4
64 37
52 16
16 96
55 93
8 70
5 65
39 1
42 32
22 38
73 74
76 71
12 48
72 49
84 3
92 60
38 64
73 20
71 80
87 92
0 72
22 60
91 71
45 42
37 33
25 6
97 38
26 46
78 36
19 6
17 65
69 9
96 51
6 0
21 80
97 79
35 66
20 50
32 49
1 90
77 79
54 19
63 60
87 48
6 15
42 71
67 56
91 74
63 17
72 34
68 17
84 87
10 87
39 10
29 79
68 23
48 6
42 6
19 61
20 90
89 15
69 94
