# Penalty = 34799.594841
108
0 6
0 13
0 59
0 70
2 54
3 22
3 90
5 48
5 74
6 8
6 62
7 28
7 37
9 2
12 22
12 69
14 42
14 61
15 5
16 48
16 84
16 99
18 40
20 43
20 66
21 20
21 29
21 80
21 99
26 26
26 74
29 4
29 31
29 55
30 9
30 81
31 89
32 51
32 56
34 86
35 15
35 31
35 37
37 76
39 6
39 42
39 67
40 22
41 90
41 99
42 13
42 56
43 33
44 70
48 2
49 16
49 26
50 32
50 36
50 85
50 94
51 77
53 0
53 70
54 65
55 50
56 79
57 38
58 15
58 64
61 24
62 1
63 44
64 9
64 91
68 25
69 16
70 46
71 32
71 56
72 67
74 75
75 18
75 60
77 39
78 89
79 3
79 53
80 72
83 12
86 3
87 29
88 77
89 51
89 58
90 62
90 97
93 58
95 4
95 44
96 18
96 28
97 34
97 95
98 11
99 48
99 71
99 86
