# Penalty = 36986.646142
110
0 13
0 39
1 55
2 20
2 67
5 82
6 2
6 26
6 74
7 42
7 60
9 34
10 8
10 54
12 89
13 68
14 78
15 13
15 50
16 62
17 93
18 76
20 44
21 17
21 83
22 28
23 25
24 49
24 99
25 40
26 59
26 92
28 43
28 74
30 58
31 3
31 27
31 64
31 95
34 43
35 59
35 81
35 88
37 24
37 74
40 0
40 12
40 99
42 8
43 47
44 33
44 55
45 69
45 99
46 20
47 63
48 13
48 52
48 82
49 41
50 78
51 23
51 68
51 86
55 0
56 5
57 95
58 34
58 42
58 54
59 72
60 97
62 18
64 13
64 40
64 76
65 32
66 66
68 20
69 71
70 55
70 63
70 87
71 27
72 1
72 13
72 48
73 34
79 81
80 40
80 97
81 77
84 21
84 51
84 60
84 73
84 99
85 7
87 82
89 18
90 52
91 38
91 65
94 32
95 69
98 16
98 37
99 1
99 30
99 96
