# Penalty = 37304.67397962583
110
29 39
64 92
5 14
48 80
76 84
91 8
91 90
23 36
2 59
75 9
44 0
55 37
96 17
45 61
56 33
21 67
99 17
49 18
17 23
35 56
4 63
48 71
25 11
44 24
70 63
80 23
66 37
11 47
29 77
87 51
88 95
99 36
78 40
78 62
13 61
72 11
87 28
6 77
52 4
27 41
10 20
65 85
79 76
10 5
39 91
47 91
0 96
21 84
25 98
88 72
54 47
52 12
37 89
53 61
32 32
13 45
15 52
97 83
29 49
73 98
17 95
82 55
52 32
65 78
22 50
96 99
59 99
40 20
85 21
75 8
34 70
33 63
37 40
60 44
29 55
27 66
30 2
58 82
12 70
92 37
59 18
65 69
11 27
35 25
71 34
68 51
20 82
98 50
98 31
38 5
64 21
3 18
20 74
46 34
51 99
44 50
60 67
70 27
92 44
24 16
58 53
85 65
51 55
16 4
2 3
62 1
3 82
24 81
41 30
43 43
