# Penalty = 74021.60429815279
99
1 32
45 22
1 78
30 62
45 12
45 53
33 1
5 38
2 25
12 75
38 45
43 5
3 10
10 93
15 18
23 15
45 42
22 65
38 95
1 63
30 77
42 1
18 30
12 10
35 7
23 60
38 80
15 82
3 96
28 55
22 1
7 55
20 83
28 85
3 70
17 55
18 95
45 82
45 67
12 25
40 12
23 40
5 78
1 43
33 30
30 38
17 90
3 87
12 45
30 93
13 70
28 20
38 20
40 67
35 63
20 48
35 52
43 60
27 5
3 92
12 1
13 40
20 7
43 75
8 60
13 35
38 35
13 50
27 45
5 47
7 30
15 62
28 10
35 72
5 17
3 3
10 83
45 93
45 33
33 25
28 50
40 52
1 17
7 65
25 78
25 28
20 22
38 40
40 87
20 72
28 70
10 18
35 88
40 28
25 93
32 15
22 35
1 52
13 5
