# Penalty = 36705.97760536668
108
86 53
35 96
0 79
76 54
54 57
3 23
34 41
6 14
20 91
18 51
2 0
79 18
43 35
42 1
61 60
97 24
83 4
29 95
16 16
84 71
55 49
40 46
78 99
68 36
95 93
48 43
90 9
47 29
73 4
15 9
87 9
32 58
33 22
88 23
25 71
49 21
51 6
84 61
11 23
14 96
0 44
0 34
13 37
15 31
99 59
2 71
35 37
20 37
9 63
61 88
89 74
18 23
55 71
89 80
82 39
80 85
4 49
29 33
48 75
44 20
30 15
9 80
69 1
90 60
55 43
61 36
64 5
76 61
35 55
64 43
77 32
54 33
18 52
29 26
39 63
71 86
87 88
81 75
80 66
71 98
70 74
4 86
81 28
9 55
38 7
28 3
46 60
27 52
93 96
74 26
61 13
19 65
79 46
99 46
63 29
39 80
41 16
24 10
87 1
4 56
79 90
64 15
33 66
55 92
50 89
20 15
25 86
34 88
