# Penalty = 36503.790101250255
109
24 22
21 63
61 28
94 69
92 12
39 18
30 18
9 52
12 87
77 44
68 93
79 34
54 83
35 64
57 55
35 26
26 55
92 53
37 93
69 69
27 5
9 15
3 66
45 36
93 3
2 10
99 75
40 99
15 20
45 88
70 84
29 95
21 33
96 17
72 15
1 29
7 4
34 78
43 79
90 32
58 18
82 96
84 79
25 78
59 32
90 88
6 81
86 40
12 6
83 71
23 36
38 84
53 48
14 76
69 31
2 54
21 7
76 30
86 16
71 1
20 18
19 57
39 70
63 72
93 96
78 55
30 37
72 6
52 90
23 87
67 91
73 61
20 92
55 11
8 57
21 51
69 29
53 16
1 76
45 65
83 30
25 16
35 55
26 32
53 69
53 41
55 26
10 95
68 77
13 38
84 85
73 99
27 40
20 83
57 46
27 1
98 7
9 71
55 99
80 20
91 42
9 41
67 44
41 8
1 49
44 15
97 31
39 49
49 74
