# Penalty = 33665.776325
109
0 46
1 65
1 87
2 18
2 36
2 79
3 51
6 14
6 32
7 65
7 74
9 82
11 37
12 98
13 1
13 52
15 30
15 77
17 91
18 97
19 39
19 83
20 25
21 3
21 60
22 58
22 74
23 11
23 89
24 17
24 43
26 66
27 51
29 27
29 72
29 80
31 7
33 99
34 13
34 66
35 80
36 29
36 52
37 94
38 20
38 38
39 43
39 59
40 15
40 18
40 73
45 0
45 90
47 96
48 70
49 59
51 76
52 26
53 9
53 24
53 39
53 55
54 41
56 96
58 70
60 2
60 26
60 42
61 12
62 53
62 86
63 67
65 18
66 32
67 56
69 14
69 82
73 34
73 64
73 97
74 20
75 44
76 49
77 70
78 12
79 16
80 5
80 30
83 67
83 75
83 85
85 56
86 91
87 32
87 40
88 5
89 54
91 72
92 13
94 7
94 99
95 52
95 67
97 18
97 28
97 71
98 3
99 44
99 85
