# Penalty = 31604.008435
104
1 32
1 99
2 1
2 85
3 16
4 7
5 68
7 54
9 93
10 0
10 20
10 99
12 79
13 10
13 56
15 34
15 93
16 42
17 86
18 0
18 75
20 10
21 68
23 90
26 70
27 51
28 55
29 9
30 94
31 29
31 69
31 84
32 35
33 49
33 78
34 13
34 15
34 55
34 99
37 50
38 35
40 73
42 50
43 26
45 65
45 90
46 4
46 72
47 80
49 30
50 44
51 52
51 99
52 1
52 38
54 58
54 84
55 15
55 34
57 99
58 19
59 55
59 66
59 92
63 33
64 14
64 18
66 0
66 68
66 96
68 53
68 81
69 35
69 88
70 11
70 46
72 21
72 37
72 73
74 66
75 35
75 97
78 12
78 50
79 8
79 60
82 54
82 78
83 93
84 16
84 25
85 1
86 47
89 33
90 69
91 95
93 44
94 6
96 87
97 82
97 98
98 29
99 2
99 20
