# Penalty = 36797.950444298054
108
67 62
7 4
21 9
32 73
19 90
88 83
14 5
96 67
51 20
99 6
75 11
82 8
14 98
12 20
39 22
58 92
84 33
70 35
81 64
69 77
50 80
34 27
8 99
76 60
32 35
91 4
80 89
48 48
91 27
0 47
91 75
89 34
46 5
77 74
73 0
51 13
99 92
30 33
2 57
98 35
20 52
54 27
59 45
18 76
34 85
27 11
3 74
15 37
84 94
77 38
45 62
61 76
38 64
82 47
91 64
72 19
77 29
68 56
33 59
90 95
60 93
11 27
53 74
37 16
66 13
0 79
60 6
10 82
57 59
28 64
25 26
22 60
14 86
16 28
27 92
55 84
46 39
62 59
13 57
33 89
74 94
82 15
64 2
19 43
49 34
5 59
96 20
5 40
29 78
90 20
24 86
54 38
14 76
34 49
39 75
97 14
96 50
31 2
99 60
97 25
68 81
17 68
2 94
41 86
23 71
74 43
13 53
0 84
