# Penalty = 31914.98474
102
1 37
2 59
4 8
4 73
4 98
5 51
8 9
8 24
8 75
10 65
10 93
11 47
11 71
13 8
15 51
16 87
17 24
17 79
18 97
20 32
20 58
22 38
22 51
22 69
23 5
23 18
24 19
26 28
26 74
27 11
27 68
29 43
29 94
30 89
31 49
34 8
34 69
34 96
35 87
37 51
38 20
39 43
41 1
41 72
42 9
43 64
44 26
46 49
48 10
48 30
48 94
49 80
51 24
52 49
53 99
54 65
54 99
55 3
56 93
57 75
58 20
58 79
59 58
60 51
61 36
61 41
62 15
62 95
64 0
64 70
64 89
65 25
67 15
70 67
72 12
73 26
73 59
75 35
75 44
77 64
78 94
79 78
80 0
80 15
83 78
84 69
84 92
86 53
87 27
88 84
89 41
89 61
90 21
90 78
93 6
94 87
95 0
95 15
96 43
97 62
98 29
98 94
