# Penalty = 36834.359956
113
0 25
0 72
1 55
1 97
3 11
3 36
3 41
3 86
6 92
7 78
8 46
8 68
9 14
9 37
9 60
11 23
12 0
12 87
13 9
15 32
17 18
17 24
17 40
17 63
19 47
20 3
21 98
23 10
23 61
24 38
24 43
26 2
26 75
26 93
29 16
30 30
30 56
31 2
31 73
32 25
32 88
33 79
34 48
36 24
37 50
37 58
39 42
40 66
41 14
43 0
43 37
43 97
45 99
46 21
46 29
47 35
47 73
47 81
49 92
51 61
52 26
53 84
54 57
54 75
55 9
57 47
57 63
60 19
60 41
61 33
61 62
62 8
64 85
65 76
65 99
67 25
67 47
68 32
69 4
71 89
72 11
72 97
73 53
73 71
74 7
74 39
75 57
78 1
78 67
79 15
79 93
81 52
83 35
84 82
85 28
85 72
86 95
87 13
87 49
87 81
88 30
88 64
90 54
92 5
94 68
94 77
94 96
95 61
95 82
96 46
96 93
99 23
99 39
