# Penalty = 29412.527804
100
0 76
1 56
2 0
2 29
3 95
4 15
6 6
6 33
6 99
8 79
9 62
9 69
11 48
12 46
12 76
13 12
13 62
17 90
18 17
18 18
18 90
20 43
20 58
22 36
23 72
26 94
27 14
27 78
28 7
28 58
29 99
31 25
34 45
34 63
35 96
36 50
36 71
38 27
38 82
42 5
42 10
42 25
42 57
43 34
43 98
44 19
44 96
46 2
48 38
48 82
50 4
51 21
51 53
51 68
52 87
55 63
56 28
56 51
57 25
57 35
59 58
59 97
61 5
62 44
63 38
63 77
63 88
65 62
67 3
67 19
67 39
68 71
69 57
71 20
72 17
73 26
73 54
75 2
75 73
77 40
77 76
79 59
80 48
81 34
82 20
82 95
83 78
87 47
87 97
88 26
90 82
92 6
93 55
94 44
95 2
96 25
98 16
98 56
98 75
99 39
