# Penalty = 34567.600419
109
0 13
0 21
0 55
2 29
3 51
3 88
4 36
8 0
8 43
9 64
9 74
10 96
11 34
11 82
12 39
14 18
14 20
15 16
16 77
17 0
17 94
18 32
19 54
20 23
20 86
21 68
22 6
22 46
24 60
25 29
26 37
27 55
28 65
29 84
33 16
36 27
36 86
36 97
38 71
40 32
41 18
44 45
44 53
45 75
46 97
47 12
47 68
49 26
49 83
50 2
50 17
50 48
50 92
52 32
52 44
52 75
57 1
58 15
58 30
59 56
60 97
61 8
61 91
63 23
63 62
64 77
65 14
65 38
65 54
66 12
66 30
66 70
66 92
69 45
70 75
72 17
73 26
73 35
74 0
77 90
78 4
78 21
78 45
79 59
79 64
80 13
80 91
80 97
83 39
83 69
84 3
84 44
84 54
85 27
86 18
92 80
94 30
94 49
94 90
94 96
96 63
97 16
97 35
97 44
97 75
98 2
98 8
98 58
98 95
