# Penalty = 36526.351429
110
1 3
1 10
1 47
2 17
2 32
2 61
2 77
4 93
4 97
6 79
7 3
7 27
7 68
8 45
10 15
10 23
11 37
15 0
16 7
16 22
16 28
17 58
18 94
19 36
19 66
20 50
21 32
21 56
21 80
22 4
22 80
24 1
24 16
25 23
25 90
29 76
31 56
32 4
32 42
33 13
33 64
34 38
36 27
37 7
37 33
38 71
39 0
39 22
40 85
41 47
45 51
45 59
45 88
46 2
46 28
47 14
47 44
48 17
48 61
49 34
51 0
51 65
52 8
53 28
56 79
56 85
57 43
58 71
59 63
60 20
60 27
60 49
62 10
62 99
66 14
67 0
67 24
67 47
68 28
68 61
69 9
70 77
72 89
73 68
73 99
75 52
75 59
77 36
81 53
82 2
82 15
84 26
84 41
84 81
86 87
87 1
88 67
90 27
91 13
91 35
91 43
92 53
94 62
94 93
95 99
96 6
96 12
97 48
98 20
99 81
