# Penalty = 41923.497010442254
106
94 75
59 60
59 97
97 54
35 37
0 81
49 75
21 75
87 9
34 29
59 81
99 13
22 24
95 34
47 94
3 32
60 43
3 70
13 59
63 0
62 10
83 76
16 12
39 75
62 50
52 95
93 42
92 20
33 52
38 17
42 67
26 54
15 83
7 89
28 68
77 45
80 83
4 2
76 22
81 32
86 1
88 56
86 39
49 34
89 15
99 91
77 72
97 28
54 22
32 90
21 38
98 10
77 10
49 60
46 40
15 27
50 68
64 38
70 81
29 37
44 37
88 71
47 54
66 21
6 24
75 67
17 93
68 72
52 12
82 97
92 51
11 37
30 22
37 42
40 1
81 18
4 46
99 47
12 17
13 72
27 81
52 88
78 41
71 10
54 52
4 14
54 37
38 50
4 95
80 90
46 9
42 17
73 97
92 0
33 15
88 34
21 86
70 41
44 45
32 98
10 64
9 68
57 29
17 43
82 55
56 72
