# Penalty = 35910.018305529884
107
29 6
70 97
70 38
2 69
7 52
11 17
46 25
94 1
49 97
98 15
89 29
51 69
20 91
81 27
28 79
40 67
74 96
66 5
41 44
26 71
56 59
37 96
35 36
71 89
35 51
75 2
63 82
42 75
71 29
26 92
71 0
4 17
32 32
33 72
20 28
70 54
79 36
64 25
60 11
1 79
89 5
90 15
36 15
57 88
40 59
57 39
26 51
64 15
36 91
32 12
93 10
40 30
55 23
97 24
33 46
86 80
22 77
48 3
2 94
56 48
81 79
84 64
2 25
99 31
78 18
57 34
8 66
84 96
74 20
87 53
21 60
60 68
99 65
3 83
40 52
54 13
47 61
66 59
1 7
56 74
74 10
98 72
0 39
82 78
77 94
30 62
25 46
48 45
65 33
6 2
58 99
91 95
79 41
80 57
9 70
25 14
30 65
20 20
17 32
99 39
12 89
44 82
20 3
52 86
39 16
84 43
95 87
