# Penalty = 32696.013491
105
0 6
0 51
1 25
1 69
2 59
3 0
3 27
3 43
4 87
4 94
6 65
6 73
9 40
9 48
10 81
13 17
13 60
14 33
15 53
16 17
16 39
17 3
19 88
20 63
21 72
22 32
24 21
24 48
25 96
26 76
29 11
29 45
29 52
31 4
31 66
32 81
33 95
34 31
35 39
35 65
36 30
36 80
36 87
39 1
40 55
42 17
42 44
42 60
44 23
44 92
47 68
49 61
50 2
50 92
52 29
52 44
53 4
53 81
55 74
56 2
56 65
58 30
58 95
59 16
59 84
61 44
62 58
62 78
63 64
64 14
65 23
66 48
67 0
67 31
68 81
68 85
70 7
71 64
72 90
72 96
74 34
74 99
75 44
75 68
75 85
76 80
80 19
81 28
81 36
82 47
88 22
88 61
88 76
88 94
89 7
90 39
90 55
91 80
94 96
95 40
96 9
96 26
96 35
97 77
98 54
