# Penalty = 32524.070489
105
0 12
0 50
0 73
1 90
4 13
5 67
6 3
6 28
6 86
6 94
8 46
8 75
9 53
9 97
10 26
11 12
12 72
15 33
16 80
17 25
18 14
18 48
18 56
18 85
22 67
23 38
25 22
26 85
27 71
27 99
28 14
31 3
31 21
31 66
32 6
32 49
32 72
33 29
33 58
34 86
36 82
37 1
37 30
38 53
39 9
43 61
43 97
46 14
46 35
46 42
46 97
47 56
49 20
50 45
50 78
51 82
52 27
52 61
53 6
55 13
55 76
55 81
58 66
60 29
61 48
62 63
64 99
65 79
66 42
68 19
68 30
68 96
69 14
69 57
69 82
71 0
71 59
72 73
73 23
74 54
77 30
78 3
80 40
81 11
81 45
82 21
83 60
85 84
86 93
87 27
87 55
89 69
90 83
91 41
92 6
93 63
94 33
94 72
95 14
96 96
97 65
98 5
98 41
99 19
99 82
