# Penalty = 29605.349190723256
84
24 66
2 73
1 65
14 5
71 25
19 80
21 25
1 20
22 75
49 16
26 33
57 7
11 75
53 48
3 93
34 14
0 47
33 34
42 65
30 52
94 12
91 23
52 54
43 74
32 20
1 98
22 47
14 53
39 78
77 37
33 49
65 2
2 13
75 97
65 85
12 23
30 1
61 91
41 21
45 5
15 46
95 1
83 17
8 66
81 28
33 95
10 35
80 14
1 35
12 17
86 0
43 11
11 84
20 89
15 39
47 43
12 97
12 89
35 28
25 56
73 7
47 97
44 84
72 17
65 10
0 1
58 15
53 21
10 3
29 13
41 3
4 6
44 49
11 38
34 5
23 2
4 58
90 17
12 12
20 18
89 3
90 47
30 91
57 76
