# Penalty = 42416.62816711502
105
54 43
28 3
24 33
3 72
72 86
98 11
17 68
28 67
35 10
10 8
37 79
60 52
32 49
8 57
68 31
34 5
70 95
65 4
15 76
38 90
92 76
44 92
18 3
88 51
59 25
50 53
62 17
78 80
20 81
53 82
33 44
80 92
45 74
91 20
3 83
88 18
99 66
6 61
17 41
79 26
96 56
71 30
13 96
12 86
64 1
35 14
93 90
85 60
30 75
92 29
65 82
24 42
7 38
26 87
29 56
0 58
2 37
44 82
97 61
87 36
21 16
20 48
51 11
67 53
58 60
22 65
80 3
20 93
63 63
47 96
76 98
40 55
18 15
60 87
41 65
25 9
2 19
37 23
78 87
96 36
59 18
16 25
75 49
2 44
85 43
64 72
13 34
90 9
79 78
33 68
52 37
18 98
73 68
90 97
87 85
34 35
33 19
23 49
87 32
87 74
51 73
44 28
77 17
69 50
42 11
