# Penalty = 35319.494380756405
108
2 73
76 3
32 75
8 41
16 4
65 81
16 80
48 79
9 12
97 70
99 30
18 65
9 66
45 5
32 6
82 37
66 48
38 41
50 94
33 20
70 24
93 0
46 17
2 86
99 79
51 31
0 39
83 49
71 19
1 54
44 85
90 53
51 20
33 26
4 62
85 67
49 88
86 14
23 17
83 0
16 41
43 99
69 63
92 48
81 73
47 59
39 4
95 96
61 3
94 15
33 10
32 72
3 14
74 13
85 98
68 85
35 96
15 37
18 10
40 60
76 55
29 94
79 88
61 29
23 4
32 52
85 4
12 63
73 38
51 84
18 89
44 41
66 1
12 85
76 19
23 40
81 94
68 38
35 90
28 79
16 71
56 58
25 49
87 39
55 64
64 90
42 26
61 51
19 31
62 11
0 28
8 99
64 99
59 74
83 74
0 0
30 45
26 59
67 5
27 89
58 44
46 68
28 31
91 61
77 33
57 35
1 33
87 81
