# Penalty = 39490.14121389297
103
50 49
82 72
85 58
18 5
11 80
14 53
86 79
16 30
40 45
59 21
9 25
52 42
81 8
84 1
92 65
63 26
15 65
30 47
40 31
99 79
60 78
22 40
32 7
95 49
95 21
34 96
79 31
1 61
53 54
47 70
89 17
60 51
24 24
72 86
72 71
28 58
47 86
54 64
93 94
44 11
37 38
27 47
34 22
37 89
69 80
99 38
25 95
56 94
52 12
79 15
92 32
56 82
71 12
69 47
49 3
93 87
43 5
74 94
76 45
86 89
62 39
31 11
91 9
8 83
33 67
28 81
98 64
30 61
27 71
44 99
37 82
1 93
29 30
6 37
75 80
88 23
9 16
86 46
7 77
64 15
44 18
10 71
58 12
44 63
2 53
9 4
54 7
3 10
17 95
82 27
62 67
23 15
84 39
17 58
72 38
23 2
18 19
13 42
95 70
73 28
42 66
7 20
20 46
