# Penalty = 40883.54732123507
116
2 57
7 80
89 25
32 55
63 86
47 99
10 9
30 23
10 90
7 48
27 32
18 14
65 24
48 60
1 94
17 22
56 32
53 98
25 5
69 94
72 68
53 68
18 63
97 73
5 12
13 25
22 53
52 60
71 30
70 16
34 1
12 69
25 92
25 63
51 23
0 78
81 55
73 42
47 18
99 33
2 87
65 52
49 1
64 80
47 81
88 52
81 48
80 96
3 26
23 9
19 6
51 74
83 72
89 78
57 8
11 76
88 94
11 40
32 29
35 91
82 65
36 15
86 11
27 21
74 19
63 32
91 60
97 47
0 31
27 26
52 9
95 79
62 48
98 65
37 71
6 0
74 23
33 64
33 80
44 26
64 8
32 87
4 1
96 1
97 24
49 36
81 6
61 66
41 85
96 40
66 44
0 67
67 71
49 90
37 22
12 42
14 83
47 55
8 44
22 49
12 33
66 5
31 48
40 50
33 40
55 84
80 80
0 19
74 98
88 92
41 40
78 16
18 91
39 1
18 97
94 36
