# Penalty = 35158.479731837615
109
26 22
75 65
32 4
50 21
89 46
45 49
24 93
96 40
61 48
52 0
81 24
39 41
87 99
24 30
77 79
98 74
58 13
67 0
22 61
67 51
72 98
29 27
39 96
39 77
81 35
2 14
68 65
49 6
34 10
68 41
53 50
2 83
54 71
29 47
80 6
53 35
16 81
63 10
4 28
39 62
55 85
71 23
89 77
88 10
88 85
40 8
1 0
61 33
16 57
15 26
22 79
10 34
82 63
44 76
49 98
81 52
0 21
32 99
99 48
65 18
15 6
97 96
7 68
62 83
33 80
83 49
90 62
70 79
75 37
23 41
23 65
13 15
41 37
56 29
43 23
20 15
20 53
86 91
53 81
1 7
64 26
50 25
48 42
37 51
58 55
87 56
15 1
6 64
24 69
2 64
75 28
5 48
47 67
75 50
67 62
36 22
35 94
53 61
25 36
10 87
63 82
63 99
35 33
72 93
25 7
1 99
14 81
96 2
81 99
