# Penalty = 40965.221278230194
116
85 76
15 87
92 69
12 21
44 87
72 87
71 46
5 79
43 0
55 28
73 64
96 74
9 40
92 97
30 66
27 9
33 83
77 58
45 92
3 0
58 84
62 93
20 92
61 56
69 33
0 65
37 62
88 68
94 91
58 10
33 1
39 42
67 83
34 25
47 72
15 94
34 99
86 52
41 68
44 44
86 18
98 29
87 14
3 64
13 10
64 75
3 7
95 83
81 85
58 79
42 58
83 0
56 53
97 4
0 97
91 60
64 3
2 38
36 5
58 62
46 37
58 0
74 7
70 54
29 91
13 47
7 87
53 12
59 17
2 31
98 94
32 57
82 43
89 90
75 40
2 22
64 27
78 1
19 50
5 41
79 37
38 92
16 72
86 28
8 25
20 77
7 3
94 35
40 78
68 61
95 21
22 33
39 9
14 62
99 58
53 3
25 83
51 69
94 12
0 55
26 34
23 68
71 90
34 48
80 23
66 65
61 35
78 73
20 49
17 57
14 79
33 43
66 18
57 96
93 44
7 60
