# Penalty = 36633.685985
112
0 14
0 56
1 94
2 76
2 85
3 7
3 23
3 70
3 99
5 46
6 39
7 80
7 95
11 33
12 3
12 19
12 25
12 48
12 59
13 43
14 65
16 13
16 33
17 12
17 75
17 85
18 66
21 43
21 94
23 88
24 80
25 97
26 49
27 24
28 63
29 42
31 17
31 48
32 28
32 56
32 77
35 11
35 62
35 70
35 96
36 13
36 46
36 82
37 25
39 32
39 82
40 90
41 75
41 96
42 66
45 50
47 96
49 7
49 33
49 69
50 11
50 41
51 19
51 47
53 83
54 4
54 32
54 55
54 88
55 73
62 82
63 30
63 71
64 54
64 99
65 45
65 92
68 28
68 35
68 51
69 2
69 78
70 69
71 9
73 42
73 97
77 22
77 75
78 16
78 61
79 46
79 90
80 38
82 31
82 56
83 8
83 60
84 70
88 1
88 17
90 93
91 77
92 97
93 10
93 27
93 95
94 48
96 26
97 54
98 81
99 11
99 62
