# Penalty = 34450.887873
105
1 8
1 44
2 22
5 26
5 47
5 89
6 61
8 9
10 69
11 85
12 79
15 11
15 49
17 98
18 33
22 27
22 48
23 7
23 58
24 65
25 73
26 80
27 1
29 8
29 43
31 16
31 23
32 64
36 43
36 93
37 22
37 57
37 87
38 12
39 99
40 52
40 79
41 0
42 63
43 73
44 8
44 37
47 23
47 41
48 14
48 22
48 33
49 0
49 78
51 88
52 61
53 97
54 47
55 8
56 52
56 67
58 75
59 5
60 69
61 25
62 11
62 35
62 40
62 51
64 75
66 18
66 56
66 89
68 22
70 36
71 67
72 51
72 81
73 95
76 3
76 9
76 28
76 45
76 60
77 76
77 94
79 38
80 54
81 62
81 97
82 21
83 66
84 73
85 40
86 87
89 18
90 47
90 54
92 27
92 71
92 87
94 9
95 57
97 0
97 26
97 78
98 50
98 66
99 12
99 41
