# Penalty = 36879.451255
111
0 89
1 4
2 26
3 35
3 51
3 66
4 59
4 84
4 96
5 19
5 45
7 5
7 11
7 70
11 32
12 72
13 48
13 80
16 28
16 44
16 96
17 90
19 9
19 50
20 61
21 12
22 41
23 3
24 26
26 69
26 76
28 36
29 82
30 60
31 42
31 48
32 1
32 21
33 56
34 64
34 89
38 0
38 15
38 29
40 7
40 72
41 58
41 68
42 38
44 29
44 54
45 44
45 99
49 70
49 90
50 37
51 16
52 80
53 0
54 22
55 55
55 65
55 72
57 36
59 37
59 93
61 6
63 68
63 91
65 42
67 34
68 64
69 48
70 12
70 75
71 17
71 56
72 99
73 47
73 92
74 31
74 73
76 15
76 52
77 77
80 34
82 20
83 44
84 49
84 69
85 63
85 91
86 10
86 54
86 85
87 16
87 24
87 80
89 96
90 0
90 71
94 87
95 39
96 13
96 53
98 46
98 70
98 97
99 8
99 24
99 64
