# Penalty = 38447.55310329602
111
0 75
78 86
40 49
24 67
4 46
26 56
44 35
72 1
93 38
75 42
63 95
21 70
44 44
58 28
18 59
97 31
28 76
43 99
22 99
16 36
70 48
63 9
99 82
63 1
56 46
66 34
36 85
29 28
10 22
27 42
67 71
17 52
16 20
4 61
62 20
1 53
60 30
61 53
59 14
1 6
70 41
0 99
39 63
75 68
57 94
31 35
81 28
88 84
65 27
82 11
90 17
90 94
28 72
36 46
46 62
90 36
44 27
40 97
76 24
54 63
22 6
52 77
32 4
98 19
93 69
76 49
7 3
54 45
10 14
73 85
96 12
47 82
10 59
43 54
46 36
99 55
58 72
59 84
16 9
7 31
15 29
36 12
41 89
68 16
23 73
15 96
77 5
78 94
86 0
99 49
22 47
97 64
36 5
29 50
73 72
91 22
72 57
86 68
64 85
72 8
30 87
4 76
25 33
30 19
58 49
49 92
94 92
95 3
2 18
84 49
78 60
