# Penalty = 33575.6931751449
102
51 39
57 89
96 79
60 75
17 4
82 80
44 60
50 5
15 71
18 65
92 44
17 56
64 31
66 3
46 77
9 94
63 48
81 60
70 48
81 15
73 92
84 70
31 0
36 29
48 46
74 67
45 93
60 2
34 23
99 88
88 61
17 90
94 30
30 97
38 72
31 86
83 24
15 28
60 66
80 74
46 9
64 56
95 57
2 78
89 77
66 11
14 23
2 6
79 50
72 33
4 62
57 81
58 34
55 98
99 5
8 77
25 38
37 13
55 51
36 67
69 19
68 72
90 87
31 6
9 84
51 21
52 16
79 33
65 93
60 60
89 40
32 64
46 1
65 37
5 92
34 82
22 74
85 57
41 37
38 51
0 26
18 14
42 28
50 30
42 81
37 99
45 54
98 21
13 42
5 48
5 2
31 38
90 3
67 62
87 30
75 82
64 86
5 54
65 25
26 15
37 20
83 13
