# Penalty = 34576.42691023139
104
73 45
39 49
80 97
16 98
19 32
27 49
12 27
72 43
88 23
10 96
67 11
8 51
93 90
5 37
38 59
62 54
97 8
77 92
77 62
1 97
36 66
86 88
38 14
52 35
55 47
4 15
29 90
77 77
75 15
23 77
12 45
52 10
27 27
24 63
73 82
83 3
27 32
62 46
41 45
56 61
43 73
81 47
76 0
45 95
33 33
47 17
60 4
95 75
43 93
48 66
97 99
87 41
97 25
18 18
74 97
54 73
90 26
74 31
51 45
3 87
26 15
67 73
36 94
46 7
0 37
85 17
52 20
26 95
66 90
4 5
27 77
13 7
3 25
86 52
62 8
18 71
4 61
3 67
68 59
51 27
58 32
96 35
99 61
2 51
66 38
41 67
62 74
97 57
0 77
55 93
96 42
42 22
19 7
32 52
59 98
37 80
31 10
48 51
22 46
38 36
39 4
56 21
9 71
25 69
