# Penalty = 37019.477891641305
111
26 97
70 28
3 22
0 57
74 3
35 96
11 75
73 70
5 83
34 61
40 47
99 56
28 48
59 79
30 95
67 52
76 34
16 86
81 70
83 60
21 72
32 9
49 43
18 58
2 64
72 92
63 19
45 80
14 4
96 24
51 38
53 27
44 57
7 0
92 94
46 32
44 73
52 55
93 33
21 55
24 24
65 66
10 99
36 64
88 70
49 18
44 0
21 9
82 98
2 97
68 3
42 14
98 59
82 15
36 1
98 80
89 2
20 77
66 72
46 14
31 45
9 19
33 89
11 15
49 89
74 54
95 73
86 46
14 52
78 23
52 98
51 65
93 56
60 31
20 20
57 93
27 76
37 31
35 75
74 84
87 77
57 16
97 65
19 91
96 48
13 49
5 88
68 47
0 38
54 46
19 35
75 77
62 95
36 82
14 37
0 3
90 35
50 70
88 12
26 38
76 98
60 9
98 1
79 63
69 62
60 52
34 26
44 39
74 8
40 40
99 38
