# Penalty = 37056.83734438531
111
77 61
97 74
62 61
69 66
61 99
15 97
64 5
77 89
12 22
1 93
70 10
31 9
85 4
22 78
54 16
99 8
57 55
78 66
9 63
58 75
86 89
40 95
76 99
34 15
8 79
44 70
37 43
74 31
23 48
24 34
47 77
79 17
93 82
54 98
5 8
85 2
70 96
0 45
1 0
99 65
37 87
27 88
90 52
30 50
56 46
40 79
15 36
31 60
74 18
17 83
1 53
86 59
89 75
74 81
68 86
94 47
40 14
96 99
93 3
90 20
72 52
22 68
94 8
51 37
60 13
51 88
33 82
5 49
0 79
54 31
41 8
48 52
0 11
8 67
6 35
14 15
66 80
0 21
16 54
79 4
46 43
61 24
60 85
93 35
87 38
15 88
50 27
81 41
0 63
31 1
3 86
39 37
15 6
19 29
47 6
63 45
17 0
87 99
69 59
42 49
15 47
23 4
46 91
65 19
15 65
33 36
67 38
39 29
18 20
96 56
8 40
