# Penalty = 34389.37344
108
0 14
0 87
2 78
3 68
6 6
6 28
8 21
9 85
10 20
10 66
11 3
11 52
12 95
13 44
13 80
14 34
15 17
18 38
19 31
19 52
19 73
22 69
24 33
25 0
25 9
26 26
26 91
27 77
27 98
28 56
29 18
30 63
31 93
32 13
34 49
35 63
36 44
37 87
38 15
38 30
38 78
40 27
41 80
41 95
43 31
44 74
45 59
45 99
46 8
46 90
47 66
48 52
49 16
50 1
52 42
53 21
54 10
54 88
55 56
55 74
56 37
57 48
58 19
60 89
61 33
61 73
62 23
63 9
66 2
66 37
66 84
67 18
68 65
69 9
69 48
70 39
70 56
70 79
71 98
72 23
76 16
76 24
76 64
77 46
79 91
79 96
80 39
81 90
83 1
84 47
84 76
85 95
86 67
88 8
88 16
89 81
90 52
91 23
92 81
93 45
94 37
94 66
95 85
95 95
96 16
98 40
98 75
99 25
