# Penalty = 36816.71040212919
106
47 55
61 43
28 56
35 39
40 47
38 30
27 98
20 63
4 11
81 55
91 89
82 60
14 16
51 91
41 72
51 38
74 26
99 44
35 94
97 1
73 87
36 62
78 1
49 77
83 24
46 63
81 7
17 1
6 33
55 74
3 26
94 95
24 44
26 72
18 98
67 21
23 53
63 20
27 6
6 41
65 42
33 56
2 5
50 11
41 57
92 37
79 22
98 24
53 39
9 25
37 5
71 1
98 72
47 17
64 60
20 25
83 84
15 48
70 98
12 95
63 74
38 80
31 0
59 9
67 51
65 99
13 58
84 15
42 23
86 0
83 92
79 40
55 29
5 59
58 78
23 29
13 87
29 81
68 82
49 96
23 14
54 45
43 94
44 93
2 85
33 48
28 63
66 30
62 57
14 17
0 52
12 69
49 31
50 54
92 46
94 15
12 80
67 66
34 71
8 40
58 88
94 60
4 47
33 19
81 67
41 12
