# Penalty = 40503.093319790016
112
67 92
85 65
77 29
85 3
38 99
33 39
73 43
82 27
56 8
88 81
83 90
61 34
76 7
12 55
11 19
40 65
97 86
70 36
8 73
25 80
10 28
40 6
20 39
4 68
86 56
80 68
91 78
59 19
1 59
41 51
1 6
22 48
24 98
52 35
46 48
78 59
31 25
62 4
52 57
34 57
78 21
5 32
14 0
37 12
18 5
48 60
9 4
46 98
27 26
60 50
86 76
28 88
86 95
53 80
27 56
46 78
47 37
98 44
42 34
60 73
5 82
59 1
15 64
4 26
47 79
63 26
25 4
94 17
49 21
37 48
47 27
34 21
15 14
8 53
18 98
7 14
56 58
58 89
72 99
97 79
71 60
39 84
38 40
93 36
72 92
72 77
87 42
66 87
46 9
32 86
19 80
20 31
29 42
6 88
51 75
23 66
36 68
77 82
77 72
90 51
26 73
52 93
9 65
22 72
78 37
56 96
39 79
22 87
67 72
94 94
32 7
53 43
