# Penalty = 36296.338742
112
0 37
1 7
1 31
1 67
1 72
2 51
2 98
4 82
6 67
7 33
8 18
10 97
11 4
11 28
12 57
13 80
15 0
15 71
16 14
17 48
20 87
22 44
23 13
23 58
26 27
27 34
27 62
29 5
30 13
30 19
30 76
31 41
32 77
33 62
34 67
34 88
35 33
36 0
36 5
37 81
37 96
39 21
39 51
40 62
41 35
41 90
42 27
44 47
45 16
45 76
46 55
46 70
47 9
48 40
48 77
51 99
53 55
53 74
53 95
54 27
54 42
55 13
55 33
57 84
59 18
59 49
61 4
62 61
62 82
64 46
64 86
65 68
66 22
67 1
67 36
67 54
67 96
68 41
71 7
71 81
72 98
73 16
75 2
75 67
76 35
76 59
76 84
78 45
80 18
80 86
81 34
81 51
82 40
82 65
85 3
86 79
87 12
88 60
90 87
91 65
92 51
93 25
94 44
94 95
95 0
95 15
97 23
97 30
98 71
98 99
99 43
99 85
