# Penalty = 31623.669257
100
0 3
0 33
3 47
5 8
6 28
6 93
7 42
8 16
9 5
9 85
10 48
13 11
13 27
14 1
14 71
16 90
17 17
20 25
21 10
21 57
22 31
23 38
23 86
24 1
24 85
25 71
26 17
27 28
29 9
29 51
29 99
30 70
31 56
32 42
33 96
34 19
35 0
38 39
39 81
40 67
41 25
42 32
43 7
43 46
44 62
44 67
46 16
46 31
48 92
48 98
49 4
51 15
51 58
52 35
52 87
53 78
56 21
56 53
56 97
57 17
58 33
59 74
60 38
61 5
61 47
62 97
63 88
64 68
65 19
66 33
69 75
69 91
70 54
71 15
71 49
75 20
77 62
77 79
78 89
79 16
80 37
80 56
83 70
84 85
85 3
85 10
86 29
89 44
90 14
90 72
91 58
93 51
94 4
94 23
94 65
95 0
95 37
97 79
99 18
99 71
