# Penalty = 35791.57782107022
106
51 99
57 23
58 50
87 12
49 39
58 70
2 35
16 3
76 28
17 92
72 73
32 66
98 29
13 64
41 70
83 89
92 16
25 42
66 22
4 53
85 39
0 83
80 44
22 86
54 84
81 32
13 75
92 53
36 51
45 39
7 67
24 30
69 93
70 2
66 65
28 50
27 72
67 67
10 33
53 92
90 76
50 53
42 45
26 56
69 83
89 1
38 27
98 5
19 77
56 19
13 40
33 96
3 15
48 17
56 40
8 78
72 51
8 39
63 36
72 9
68 87
90 38
46 67
18 17
84 98
14 91
66 53
23 0
93 26
95 60
22 63
52 73
89 83
38 2
43 62
72 58
24 92
94 46
0 90
14 19
45 56
87 72
44 11
26 34
70 36
51 33
47 0
43 25
81 65
87 57
76 12
35 37
31 88
4 29
82 75
11 47
77 92
4 98
37 12
36 9
91 89
88 67
14 54
71 18
55 8
22 7
