# Penalty = 35525.182422
113
0 22
1 32
1 36
1 64
2 8
2 14
3 84
4 43
4 50
10 12
10 77
11 3
12 51
13 54
13 91
14 24
14 70
15 29
15 76
16 11
16 91
20 96
21 25
21 66
24 14
25 0
26 47
26 81
27 8
27 52
27 97
29 22
29 33
29 78
32 16
33 0
34 60
34 95
35 88
36 64
40 42
40 78
41 5
41 14
41 21
41 46
41 61
41 94
42 40
43 26
43 64
44 0
44 76
46 7
46 35
49 49
49 90
49 99
50 58
51 84
53 30
53 72
54 52
55 2
55 9
56 38
57 16
57 45
57 66
58 97
59 1
61 30
63 40
63 67
63 94
64 63
67 13
69 80
70 23
71 28
72 39
72 83
73 0
73 95
75 14
76 53
76 87
78 37
78 61
78 68
78 96
81 3
81 14
81 53
81 70
85 24
85 30
87 97
89 15
90 51
91 25
91 43
93 31
93 90
94 76
95 0
95 59
96 45
96 54
96 73
97 10
98 17
98 83
