# Penalty = 132770.316111
205
0 6
0 16
0 22
0 42
0 50
0 58
0 62
0 70
0 98
1 35
1 83
1 90
2 0
3 12
3 36
3 44
3 52
3 68
3 76
3 84
4 21
4 28
4 93
6 2
6 57
11 2
11 22
12 30
12 70
13 79
14 14
14 53
15 86
15 93
16 6
16 36
16 44
16 60
17 15
17 38
17 46
17 74
17 79
18 22
18 35
18 65
18 91
18 95
20 58
21 0
22 40
23 49
23 58
24 16
25 5
25 63
25 91
25 99
26 0
26 23
26 34
26 73
27 20
28 2
28 77
28 80
31 14
31 43
32 28
32 50
32 60
32 69
32 86
32 94
33 36
34 60
34 76
35 34
35 46
35 84
35 94
37 1
37 9
37 53
39 30
39 67
40 16
40 20
40 31
40 63
40 90
41 24
41 39
41 57
42 0
42 5
42 81
42 97
43 71
44 49
46 0
47 24
47 54
48 18
48 66
49 33
49 43
49 75
49 91
49 98
50 80
51 4
51 7
52 48
53 37
54 18
54 71
55 46
55 52
55 62
56 10
56 30
56 78
56 85
56 93
59 46
59 69
59 85
60 2
60 10
60 76
61 53
61 60
62 20
62 26
63 32
63 34
63 94
64 16
64 90
65 62
65 80
66 0
66 6
66 26
66 46
67 97
68 40
68 58
69 72
70 32
70 96
73 49
73 65
74 0
74 6
74 73
74 80
75 42
75 57
75 90
76 16
76 24
76 43
77 28
77 35
78 58
78 71
78 73
78 87
78 94
79 14
79 20
80 2
80 50
82 20
83 11
84 28
84 94
85 1
86 59
87 34
87 45
87 54
88 68
88 76
88 84
90 48
91 31
92 26
92 62
92 74
92 82
92 90
92 98
93 0
93 8
93 16
93 40
93 56
97 9
98 23
99 0
99 18
99 33
