# Penalty = 33597.360273
103
0 5
0 43
3 24
3 70
8 43
8 63
9 6
9 83
10 21
10 72
12 35
12 52
12 58
12 97
14 4
15 42
17 28
17 86
18 33
20 74
22 48
22 68
23 4
23 15
24 43
25 29
26 29
26 85
28 9
30 4
30 56
31 99
32 50
33 16
33 80
36 69
36 75
37 20
39 52
39 67
40 38
41 3
41 89
42 13
44 28
45 61
45 88
47 96
48 0
48 90
50 45
51 25
51 72
52 14
52 37
52 80
55 28
56 7
57 76
58 43
59 56
59 62
61 35
62 87
64 5
64 39
64 97
65 73
66 88
67 49
70 11
70 26
70 33
71 72
72 98
73 0
73 43
74 19
77 65
78 38
78 48
79 78
80 41
80 92
83 16
83 23
84 62
86 8
86 34
86 91
86 95
88 53
90 30
91 3
92 59
93 11
94 51
95 6
96 39
96 65
97 21
97 32
98 83
