# Penalty = 40511.29123562521
113
66 17
3 6
82 26
10 23
0 25
45 86
19 69
11 14
85 36
23 87
57 54
53 64
29 88
37 91
77 71
32 53
25 56
79 93
17 42
70 5
74 73
33 10
1 52
4 69
2 46
98 42
28 31
43 75
57 43
67 65
82 42
39 11
90 22
48 54
4 21
94 95
78 56
26 25
32 60
40 83
73 79
84 90
96 24
82 52
10 80
31 45
51 50
56 22
73 49
69 70
46 68
3 66
65 62
57 1
96 50
69 35
94 80
6 11
98 67
6 88
17 13
17 61
92 16
74 64
51 56
43 3
34 37
99 16
65 98
55 85
57 78
7 28
57 95
18 97
71 28
49 39
13 32
16 82
54 71
33 25
95 32
68 79
94 42
65 31
36 30
43 90
85 59
95 58
61 40
58 13
87 81
18 35
5 60
98 85
43 51
24 66
17 52
48 7
8 74
90 66
42 21
79 99
22 15
29 2
9 55
38 67
4 95
42 37
78 2
61 93
20 90
67 44
24 48
