# Penalty = 36011.84111715792
108
79 70
42 63
57 47
64 89
15 96
97 2
14 31
15 89
84 46
50 0
2 54
92 33
48 47
3 86
55 33
91 87
9 89
72 96
95 99
99 50
91 78
59 72
8 69
77 82
50 97
82 0
43 93
17 0
69 32
68 3
67 80
83 91
61 87
28 17
85 85
22 82
31 38
34 3
22 34
46 56
50 61
90 39
23 42
49 14
62 83
36 32
26 78
75 9
28 68
81 24
8 51
36 57
65 69
33 63
35 17
41 31
58 67
60 5
22 72
73 46
69 55
26 28
80 65
98 64
82 8
91 28
19 6
22 56
40 35
25 99
84 69
41 8
50 25
2 43
65 59
16 56
24 92
14 75
5 20
40 83
31 85
29 97
62 41
13 45
76 15
40 26
76 21
74 4
60 15
12 24
52 53
26 12
2 14
92 50
99 75
53 39
0 29
45 77
21 58
85 57
75 32
7 10
28 1
47 8
71 53
24 51
61 98
10 95
