# Penalty = 33395.631845
108
0 64
0 93
1 3
2 34
3 41
3 97
4 74
5 57
6 51
6 88
7 11
7 43
8 60
9 20
10 3
10 83
11 13
13 56
15 17
15 77
17 95
18 71
20 49
20 69
21 8
22 35
24 0
24 5
27 25
27 69
27 85
28 49
29 14
29 80
30 63
31 40
31 86
33 98
34 15
34 72
35 56
38 2
38 34
40 11
42 25
42 50
42 54
42 86
43 77
45 30
47 8
47 82
49 23
49 52
50 67
52 38
52 44
52 61
53 88
55 11
56 20
56 44
56 71
57 80
60 14
60 22
61 83
62 7
62 75
64 26
64 97
65 55
65 68
65 98
66 60
68 1
68 53
71 39
72 30
73 56
74 97
75 82
76 77
77 6
77 35
78 20
78 83
78 91
80 62
81 14
81 97
82 6
82 48
84 0
84 70
85 23
87 58
88 44
91 27
92 38
92 88
95 20
95 83
96 98
97 58
98 5
98 44
99 72
