# Penalty = 35761.60166663581
99
18 40
52 75
42 94
13 31
19 19
91 33
89 68
91 82
71 25
54 14
54 50
7 45
56 2
6 38
49 50
3 32
30 72
15 3
67 98
82 75
84 20
55 24
54 67
54 10
83 29
49 84
14 21
68 49
7 56
61 95
19 45
40 33
4 16
86 2
82 41
98 20
82 66
54 3
98 10
40 62
2 86
64 90
24 81
14 92
96 59
5 93
25 59
76 47
83 47
62 54
4 66
74 39
65 35
71 9
76 97
34 79
97 95
57 71
35 96
35 67
50 27
14 65
14 26
53 18
43 70
89 2
32 11
30 5
45 2
5 76
56 86
41 16
39 30
67 58
21 65
67 11
71 82
45 45
36 55
89 89
79 18
93 52
85 96
33 57
18 81
18 55
78 61
2 5
36 42
68 3
28 24
88 33
48 6
27 51
43 81
41 28
68 71
9 79
75 86
