# Penalty = 36755.968398991325
111
29 76
90 55
99 54
12 23
0 6
39 8
82 91
83 84
14 44
8 37
96 90
22 93
54 15
95 29
71 76
64 2
31 20
7 51
38 22
80 73
28 61
66 99
39 16
65 25
78 11
64 98
67 9
17 84
94 69
1 20
50 40
65 90
45 88
49 19
74 86
57 62
7 99
58 0
52 65
31 80
97 15
32 13
78 47
99 64
14 8
28 5
58 20
46 95
72 41
54 99
72 24
40 36
50 48
19 61
43 1
80 2
18 48
79 93
44 5
95 99
45 70
32 55
0 84
43 53
72 61
76 65
19 64
60 28
21 25
0 53
5 75
23 32
79 33
87 30
89 15
7 1
92 21
82 38
7 23
80 56
42 44
9 15
67 67
91 1
95 47
28 48
14 59
33 38
60 91
84 70
39 99
54 76
31 86
0 43
90 63
37 72
96 35
18 14
64 81
87 46
99 83
53 3
96 78
72 6
60 53
64 39
80 29
69 47
35 53
78 19
91 85
