# Penalty = 37537.952427
113
0 91
0 96
1 37
3 30
3 42
3 51
3 81
4 52
4 57
5 73
6 6
7 66
7 95
8 8
10 81
11 38
13 1
15 7
17 22
17 45
18 48
18 95
19 42
19 75
19 81
21 27
21 76
22 13
23 99
25 10
25 84
26 62
27 33
28 0
31 14
33 22
33 84
33 89
34 42
35 0
35 29
36 57
36 75
37 50
38 47
39 9
40 95
41 35
41 64
42 88
43 17
43 70
45 12
45 56
48 94
49 19
49 26
49 48
49 83
49 86
50 34
51 69
52 85
53 5
54 42
57 13
57 52
57 99
58 27
59 60
60 37
61 6
62 74
63 51
64 95
65 52
66 88
67 0
69 89
71 48
71 97
72 16
72 72
73 30
73 65
74 41
75 2
76 66
77 10
77 34
79 16
79 99
80 52
80 80
83 88
84 80
85 38
86 49
86 56
87 70
88 0
88 10
88 18
88 86
88 95
92 40
95 55
97 47
97 93
98 70
98 75
98 85
99 24
