# Penalty = 36233.80715720622
108
56 24
40 66
2 1
34 9
16 71
70 9
24 59
93 89
66 89
74 18
57 43
22 1
27 36
99 33
59 0
80 95
51 29
2 72
16 99
67 78
97 98
64 56
3 91
85 87
52 57
16 80
48 15
54 64
31 39
8 59
90 69
10 29
43 80
70 85
84 32
66 92
61 81
39 37
38 52
2 35
2 13
49 71
57 99
76 74
33 70
66 41
23 67
92 80
34 31
88 4
7 38
79 2
25 5
70 28
43 11
80 18
88 21
93 44
49 50
99 28
17 54
90 96
17 26
79 59
14 63
23 85
35 23
75 27
26 43
88 60
7 54
2 77
97 8
46 57
94 0
9 0
93 24
3 23
61 40
56 29
61 24
35 93
54 15
23 75
59 50
29 14
14 44
37 80
71 71
27 90
94 55
49 94
96 75
18 89
48 65
19 30
98 19
97 95
82 47
49 11
38 62
37 26
74 34
52 85
30 60
38 84
87 37
80 38
