# Penalty = 29908.04829
103
1 33
1 75
3 5
3 13
3 55
4 60
5 79
6 39
6 81
10 14
10 20
10 29
10 78
12 94
13 57
14 64
18 7
18 47
18 64
18 92
19 31
20 40
21 26
21 97
24 26
25 49
26 4
26 90
27 58
28 74
31 57
31 72
32 9
33 11
33 77
34 42
35 99
38 27
39 50
39 84
40 95
41 23
42 48
43 0
43 70
44 24
44 58
46 0
46 65
47 79
47 87
49 72
49 95
52 33
56 42
57 67
58 49
60 5
61 19
61 81
63 9
63 92
64 46
64 62
64 98
65 53
66 78
69 16
69 96
70 33
71 59
72 39
73 65
74 0
74 80
75 29
78 15
78 65
78 94
80 46
81 5
81 79
81 85
82 25
82 50
83 11
83 93
83 99
84 30
85 19
88 4
89 44
92 70
92 88
94 17
96 65
97 10
97 52
97 94
99 25
99 33
99 49
99 86
