# Penalty = 81857.80255700435
103
32 93
0 15
38 64
0 51
18 74
30 41
44 18
16 51
22 37
2 31
16 15
44 96
0 69
4 12
42 71
32 51
4 84
42 82
36 54
24 9
18 29
34 79
12 60
28 48
44 42
0 81
22 98
42 88
8 87
26 73
6 49
8 9
38 97
0 39
26 67
8 57
16 39
30 82
34 2
4 72
4 42
30 34
20 84
28 6
36 12
36 90
12 72
12 36
42 28
12 84
26 25
36 36
0 3
8 39
28 96
2 58
18 91
40 57
22 32
24 81
22 44
38 43
2 23
42 50
42 11
30 58
20 18
12 48
34 68
14 95
40 3
22 1
4 96
44 60
26 89
10 25
46 2
6 2
6 64
36 24
10 98
6 28
20 66
26 62
16 63
42 77
16 81
22 55
32 9
30 19
32 27
8 75
14 22
14 1
10 8
26 16
34 74
10 16
0 93
18 8
22 50
40 21
42 35
