# Penalty = 34411.591375931384
106
9 26
52 43
10 85
70 28
15 21
8 99
87 15
32 98
39 13
96 62
60 43
36 38
75 59
52 55
61 31
75 84
60 5
2 0
93 71
83 71
99 65
82 86
47 25
2 53
54 96
63 0
79 29
16 61
72 99
29 59
45 53
76 43
6 55
70 2
14 66
0 60
46 63
65 86
86 1
4 44
90 40
17 51
23 20
5 19
49 14
26 60
30 2
97 89
11 58
7 38
1 85
73 50
21 87
57 74
25 74
97 11
68 59
4 83
96 81
50 89
87 92
59 57
89 32
76 26
83 22
6 10
29 84
49 48
74 73
17 28
82 61
61 66
17 35
33 33
73 12
74 9
81 90
89 55
33 23
35 52
46 10
60 12
11 4
60 91
81 11
93 19
34 48
33 18
83 46
42 67
22 98
1 33
89 75
55 27
71 87
69 43
32 4
16 6
25 52
46 39
14 96
55 74
41 73
91 5
99 25
90 49
