# Penalty = 33760.854792
105
0 52
1 82
2 1
2 97
3 36
3 74
4 10
4 20
5 60
5 68
6 30
7 46
8 83
11 15
12 87
14 56
15 50
17 32
17 60
18 46
19 18
20 75
22 44
23 3
23 32
23 73
23 85
24 9
25 68
26 17
26 23
26 82
26 91
31 37
31 55
31 61
33 20
33 96
34 29
34 55
36 79
37 41
40 14
40 21
40 68
40 83
40 90
41 50
41 76
43 4
43 97
44 10
44 28
44 43
47 47
47 90
48 33
48 63
49 2
50 80
54 88
57 18
57 35
61 0
61 57
61 62
61 93
62 14
62 36
62 42
62 71
62 88
63 22
63 76
65 6
65 50
70 44
71 10
71 92
72 24
73 33
74 85
75 60
76 30
76 39
77 16
77 78
78 0
78 93
79 55
81 35
83 71
84 86
85 15
86 49
88 80
90 31
90 56
91 71
94 42
96 60
97 74
98 70
99 27
99 56
