# Penalty = 34046.987007
109
0 99
1 21
1 35
1 91
2 3
2 49
2 65
3 6
3 85
6 39
7 88
9 17
9 47
9 98
12 3
12 64
15 25
15 30
16 50
16 60
16 79
18 11
20 2
20 74
21 45
21 76
23 96
25 35
26 8
26 61
27 49
27 90
28 15
29 29
30 76
30 87
31 55
33 36
34 1
35 22
38 41
38 99
40 26
40 57
40 66
40 72
41 48
41 86
42 19
45 86
47 72
47 99
48 0
50 49
51 4
51 27
52 35
54 36
54 63
54 73
55 54
55 87
57 21
57 95
60 78
61 7
61 67
61 92
63 40
63 74
64 20
64 46
65 0
65 26
66 82
68 37
70 15
71 19
71 53
72 67
75 89
75 97
76 30
77 68
77 73
79 95
80 54
81 6
81 15
81 78
82 29
82 45
85 55
86 62
86 87
87 41
89 3
89 16
90 33
90 80
92 89
93 60
94 84
95 66
95 98
97 4
98 76
99 31
99 50
