# Penalty = 33930.701021
109
0 2
0 31
1 9
1 60
1 68
3 23
4 71
5 0
5 30
5 45
6 15
7 88
7 94
10 73
11 22
11 50
11 58
12 12
14 3
14 81
16 76
16 99
18 37
20 6
20 27
20 61
21 98
22 12
22 41
23 79
25 20
25 46
25 65
28 5
29 19
29 86
30 78
32 46
32 93
34 24
34 31
34 70
34 83
36 10
36 61
38 38
40 65
42 0
42 12
43 36
44 2
44 59
45 74
47 92
48 40
48 52
48 73
48 82
49 20
50 12
51 99
52 47
54 22
54 27
56 11
56 85
59 64
59 71
62 4
63 38
63 86
64 11
66 50
66 67
68 71
69 25
69 34
69 95
71 5
72 90
73 0
74 63
77 82
78 9
78 58
78 77
79 24
79 35
80 3
81 49
84 63
85 22
85 29
85 61
85 77
85 96
86 8
86 43
86 91
89 28
90 99
91 83
94 10
94 43
97 69
99 2
99 17
99 59
99 80
