# Penalty = 34346.771606
106
0 85
1 21
1 74
2 28
2 39
2 65
3 14
5 71
9 86
10 9
10 51
10 56
13 1
14 87
15 48
15 72
16 24
17 15
19 69
20 34
20 74
20 98
23 16
23 45
23 84
24 50
24 59
27 2
27 20
27 69
29 32
30 97
31 59
32 16
33 15
33 39
33 68
34 90
35 1
35 75
37 35
38 49
38 91
39 81
40 29
41 71
42 85
43 0
43 15
43 43
44 66
45 23
45 62
45 77
46 50
50 19
50 41
52 37
53 96
56 6
57 54
58 91
59 21
59 44
59 61
59 82
60 29
60 38
63 67
64 2
65 11
66 39
67 25
68 94
71 8
71 53
72 67
73 57
74 26
74 87
75 96
76 73
78 92
79 2
80 31
81 67
83 95
86 15
86 44
86 64
87 55
88 5
88 21
88 30
88 70
88 81
89 48
92 77
93 91
94 27
94 84
95 61
97 3
97 45
98 98
99 70
