# Penalty = 48199.298416
136
0 6
0 22
0 27
0 37
0 69
0 91
1 51
1 52
1 61
2 0
2 77
2 99
7 0
7 9
8 31
8 68
8 91
9 38
10 17
10 47
12 61
12 77
12 99
15 85
17 19
17 79
17 99
18 0
18 41
18 61
19 28
20 6
20 47
22 67
22 87
23 24
27 29
27 89
28 10
28 51
28 97
29 17
29 71
30 37
32 57
32 77
33 0
35 43
35 96
37 69
37 79
37 99
38 41
38 61
39 1
39 27
41 90
42 7
42 47
43 19
43 75
45 33
49 61
49 91
50 26
51 19
51 47
51 68
51 77
52 8
52 40
52 99
53 0
54 84
57 49
58 21
58 27
58 67
58 90
59 0
59 7
59 41
59 81
62 58
62 97
65 14
65 72
67 99
68 0
68 11
68 41
69 57
70 82
71 27
72 14
72 20
72 47
72 68
72 87
76 51
77 89
78 1
78 28
78 78
79 67
80 46
80 62
82 7
82 18
82 37
83 99
86 85
87 0
89 57
90 36
90 52
91 21
91 91
91 99
92 7
92 31
92 71
92 77
95 45
96 16
97 2
97 31
97 91
98 60
99 8
99 16
99 36
99 52
99 71
99 77
99 98
