# Penalty = 56525.550855489455
99
28 0
49 2
20 22
72 50
70 58
18 65
10 93
30 58
2 20
30 47
89 18
0 57
28 35
70 43
0 47
30 12
12 25
70 23
30 67
25 58
49 12
18 5
15 47
30 22
20 93
28 75
20 83
2 85
5 92
20 72
10 2
25 22
2 40
49 43
18 0
95 12
5 68
70 3
23 45
2 0
25 93
15 82
25 13
70 32
80 42
2 10
49 32
15 93
80 4
12 10
10 73
13 35
2 15
0 77
28 30
70 83
15 73
92 2
95 31
0 67
70 93
76 0
18 40
28 5
15 17
2 35
49 23
71 75
25 83
78 18
2 5
70 13
92 45
96 40
67 65
20 57
0 27
10 62
10 53
10 82
10 43
25 68
5 57
20 12
28 40
72 72
5 27
5 47
30 93
30 83
94 16
0 93
20 32
10 17
15 57
23 50
5 77
80 33
12 30
