# Penalty = 33268.41710924378
104
7 20
45 80
75 99
57 40
95 67
18 82
88 56
9 55
30 43
65 36
91 94
81 22
43 20
74 19
62 79
31 88
58 95
76 40
99 7
28 2
99 81
25 21
47 47
65 65
44 16
28 59
36 4
29 29
77 5
85 5
8 70
29 8
63 57
36 74
37 60
35 38
18 35
84 94
23 82
91 99
65 89
20 7
23 50
6 4
83 30
80 90
16 21
2 34
36 66
81 61
67 51
1 80
44 27
58 9
23 58
96 48
21 41
91 81
60 71
16 51
37 44
43 96
83 76
24 35
72 89
95 74
42 66
2 27
62 41
50 71
8 48
99 59
59 27
32 87
71 0
51 32
44 54
17 91
67 21
34 17
84 38
0 42
95 11
16 77
98 41
43 31
1 56
50 53
53 67
58 86
72 11
57 11
0 18
69 80
38 95
52 42
5 63
15 46
69 0
81 53
22 64
98 95
82 43
97 26
