# Penalty = 28622.210664
84
1 42
1 62
2 42
3 6
4 21
4 28
8 13
9 7
10 0
10 29
11 14
12 23
13 44
15 92
17 15
17 52
18 30
18 74
19 37
19 44
20 21
20 88
21 4
24 26
27 29
27 40
28 48
30 22
31 12
31 54
32 77
33 27
33 99
34 42
34 64
35 11
35 61
35 93
36 28
40 14
41 2
41 42
41 78
42 56
43 28
44 48
45 10
46 2
46 38
47 72
49 16
49 62
51 24
55 49
55 86
56 76
58 47
61 54
63 10
67 2
68 43
69 60
70 52
70 77
71 67
74 20
76 27
79 80
84 56
84 83
86 8
86 28
86 60
87 14
89 64
90 70
91 5
91 12
92 44
95 72
97 18
97 28
97 97
99 0
