# Penalty = 33925.991561
104
0 54
2 60
5 7
6 96
7 52
8 1
8 82
9 15
9 38
13 75
14 58
15 40
17 17
18 58
19 25
22 11
22 95
24 3
24 45
24 85
26 49
27 31
27 65
28 82
29 70
31 51
32 97
33 21
34 65
35 5
35 56
37 10
38 64
39 73
40 5
40 47
41 24
41 25
42 81
43 53
46 45
46 67
46 98
47 92
49 53
51 7
51 88
52 58
53 41
53 70
55 13
55 33
56 27
56 88
57 82
58 5
59 19
59 36
59 56
60 44
60 70
61 98
65 13
65 49
65 52
66 61
66 76
66 99
67 69
70 70
71 28
71 79
73 17
73 37
73 53
75 23
75 32
75 87
77 8
79 46
79 54
80 39
81 82
82 68
82 88
83 91
85 3
86 23
87 15
87 58
88 38
88 73
91 16
93 49
93 59
94 96
96 77
96 89
97 27
97 32
98 34
99 4
99 72
99 97
