# Penalty = 39022.29799043133
105
86 50
44 22
58 53
26 57
1 58
25 93
63 49
46 72
26 41
51 72
38 79
85 58
4 14
15 36
25 49
3 48
45 90
64 42
16 4
3 93
74 46
67 23
29 85
55 25
57 1
36 14
37 22
49 10
19 8
83 2
97 48
78 86
87 74
96 80
47 44
76 59
84 98
85 6
62 86
13 85
65 92
56 7
81 91
65 31
77 7
9 46
39 96
41 84
88 34
33 59
11 19
33 45
94 32
90 41
27 16
91 26
81 38
63 98
68 56
36 62
86 19
7 79
55 67
74 23
43 2
95 65
94 83
50 37
80 65
76 78
97 73
40 91
99 96
13 66
93 94
14 30
18 49
73 65
26 26
81 43
28 9
2 76
17 20
69 83
22 86
30 32
98 58
0 35
83 14
1 87
32 7
22 97
60 7
57 80
67 17
21 55
99 5
52 64
71 97
90 2
34 97
70 8
48 0
3 30
57 34
