# Penalty = 34186.8928844589
107
16 69
7 31
26 55
13 27
79 48
29 0
1 2
82 3
87 11
2 16
50 9
56 59
73 70
44 40
67 16
65 46
64 37
45 94
44 12
7 57
71 33
56 25
37 39
77 75
55 36
98 27
84 40
54 22
60 90
97 0
83 23
68 0
93 95
42 65
0 24
7 26
31 98
96 85
78 32
30 37
41 60
90 23
44 75
17 83
3 99
4 45
35 53
64 5
64 65
21 25
52 28
12 57
34 7
57 83
68 10
79 93
5 79
98 36
30 73
92 47
26 20
11 13
39 0
75 56
15 43
59 83
63 78
54 1
27 6
99 60
87 63
98 91
15 76
92 78
19 40
41 32
38 94
7 64
36 22
68 29
96 4
19 93
59 51
21 1
98 65
50 97
19 11
97 75
99 99
68 51
97 80
96 12
43 79
38 67
82 58
44 80
71 62
21 50
5 7
52 54
37 46
36 98
78 39
51 50
19 18
73 6
48 2
