# Penalty = 35008.807090178365
104
46 79
99 55
49 41
5 31
64 98
60 36
6 19
9 88
18 73
78 10
25 63
36 12
80 3
24 51
6 95
93 26
64 86
96 71
61 21
63 55
63 44
80 5
14 16
70 9
85 62
58 99
30 84
74 45
41 26
49 3
77 64
19 60
4 51
33 21
68 48
80 36
53 55
27 28
28 36
35 5
13 40
29 25
79 38
76 22
29 59
19 7
89 1
54 49
44 55
13 25
75 72
44 72
69 62
53 77
89 84
50 85
0 88
84 88
63 5
35 35
40 98
90 18
64 30
7 73
45 38
40 83
57 16
74 78
32 45
1 5
11 4
77 56
87 54
96 97
89 80
74 28
10 49
45 5
50 93
37 71
48 24
62 63
28 18
47 27
29 98
51 63
90 92
42 65
4 70
83 21
35 92
94 6
9 79
91 66
98 83
72 86
48 13
96 52
63 12
10 67
44 93
0 92
15 88
14 34
