# Penalty = 35339.92355487577
104
39 48
41 16
49 43
32 6
34 75
58 83
81 52
99 40
67 51
66 64
26 88
4 11
86 22
3 97
68 22
43 30
38 7
21 99
55 60
94 44
97 25
36 36
73 78
80 38
23 37
96 90
46 57
52 70
97 24
66 34
25 23
4 54
10 59
65 30
79 93
19 79
32 40
6 77
48 96
5 4
29 77
17 64
98 81
31 22
58 76
70 61
30 92
69 50
96 66
74 4
24 65
59 33
77 2
67 76
61 26
26 19
4 46
19 34
19 6
14 82
32 50
77 22
18 56
9 51
93 97
11 2
71 70
82 84
10 12
83 18
83 78
32 61
38 74
55 54
54 45
37 97
62 3
48 76
76 34
48 18
1 32
99 9
87 36
10 31
53 40
9 20
1 71
83 27
69 92
37 54
88 85
28 84
41 51
46 8
26 51
90 81
74 14
65 92
91 71
83 49
12 86
47 29
62 97
86 60
