# Penalty = 32498.333271
105
1 10
2 20
2 36
2 65
2 93
3 3
5 0
5 82
6 43
9 7
9 33
10 51
11 21
11 65
12 75
13 56
13 80
15 13
16 27
16 94
17 8
17 37
17 98
20 90
21 76
23 36
23 66
24 97
25 7
25 43
27 21
28 57
28 78
31 6
31 30
32 99
33 20
34 86
38 98
39 2
39 47
40 27
40 65
40 92
41 84
42 16
43 60
45 38
46 30
47 11
49 85
50 4
50 79
51 15
53 50
54 69
54 93
55 98
56 51
57 21
57 29
58 65
61 56
64 22
64 52
64 94
65 33
66 78
67 3
70 74
71 30
72 98
74 38
76 10
76 83
77 14
78 24
78 90
78 98
79 52
80 32
80 55
80 84
81 69
83 0
83 66
84 23
85 27
85 50
87 0
87 9
88 41
90 66
90 93
93 14
94 9
94 34
94 88
95 28
96 9
96 72
97 69
99 23
99 48
99 58
