# Penalty = 43908.97113091277
108
83 83
10 82
56 72
89 54
1 68
17 98
50 90
53 51
17 57
32 60
5 86
75 74
41 93
2 40
97 60
89 74
31 81
65 27
71 54
85 44
18 17
72 51
55 68
24 17
38 66
16 20
14 51
40 25
98 91
51 24
45 71
24 8
71 19
56 7
57 83
50 57
25 68
44 57
90 45
14 9
11 43
92 37
69 2
85 9
55 44
13 65
88 1
99 75
77 12
36 50
22 91
29 19
79 19
83 92
17 45
33 26
22 48
77 24
0 42
17 84
76 99
86 23
57 62
74 68
8 24
95 93
36 5
70 42
27 86
79 63
17 75
68 75
69 97
2 79
28 37
93 16
45 17
64 86
57 13
63 10
9 60
63 50
64 97
80 36
42 33
27 4
49 34
41 85
44 77
42 67
18 30
67 11
43 11
94 1
87 58
96 47
93 28
93 68
62 33
0 95
78 40
52 29
67 82
14 33
67 65
24 41
32 52
71 92
