# Penalty = 40593.228664375776
114
82 91
85 44
31 67
75 84
0 57
2 29
93 1
35 43
96 2
52 32
40 86
97 79
87 68
76 56
10 0
63 86
69 28
15 93
25 74
76 78
53 26
92 95
92 72
46 1
6 32
3 43
74 10
51 57
4 14
54 11
16 33
69 71
29 95
0 19
45 62
28 50
53 99
0 10
50 45
88 8
57 85
62 70
40 80
89 99
18 40
67 51
3 69
70 63
96 43
59 18
18 51
2 79
30 59
0 36
44 15
63 29
39 31
84 72
38 7
24 1
66 43
13 38
86 50
7 14
59 61
47 51
83 25
91 53
63 36
42 21
77 48
61 80
21 18
42 42
78 30
60 94
91 13
33 7
48 74
25 19
36 17
39 25
64 0
10 67
70 37
95 33
82 82
27 22
17 87
10 46
50 67
98 59
60 8
89 86
3 61
49 37
96 12
17 72
26 88
36 49
41 56
36 64
55 52
99 35
13 56
84 35
53 4
58 2
2 47
76 0
24 36
70 14
73 70
7 89
