# Penalty = 39693.12076491905
112
75 24
71 23
91 53
46 34
96 14
91 0
13 40
82 81
14 84
55 40
97 41
52 66
30 46
46 99
5 43
18 75
73 2
12 0
45 8
13 55
0 61
15 5
72 52
29 36
75 99
91 60
77 73
97 74
84 2
86 24
85 61
49 40
57 18
95 71
20 36
55 45
46 1
91 23
52 84
18 81
16 69
59 86
38 8
28 91
99 96
5 68
27 27
39 53
18 13
24 98
23 50
31 7
72 92
61 98
92 37
57 80
71 40
1 12
46 93
97 23
4 84
40 60
57 52
67 83
81 10
26 10
34 85
65 43
42 85
12 12
86 90
59 62
16 30
40 35
77 63
89 8
51 74
41 26
70 63
23 75
2 67
58 30
66 69
67 2
24 95
2 36
66 49
24 55
58 71
74 46
35 11
30 13
52 26
63 57
32 71
3 50
14 99
95 56
43 68
72 30
32 97
27 69
98 52
55 12
65 35
82 42
47 20
80 47
36 68
21 24
39 91
75 9
