# Penalty = 38071.432669269
112
7 15
96 37
22 78
76 37
9 48
98 5
49 30
34 5
35 96
17 71
24 49
45 50
96 98
76 52
68 91
51 98
84 51
39 88
14 9
8 70
13 32
29 98
46 63
83 83
32 19
73 42
90 56
22 63
59 46
20 57
73 5
56 94
55 83
20 1
76 64
92 40
5 79
63 2
43 40
46 54
16 65
85 13
55 16
77 80
93 90
70 56
69 86
5 56
49 89
84 28
31 55
53 90
81 98
60 55
90 8
80 19
33 69
98 16
54 2
84 60
18 85
92 55
28 88
8 27
32 29
96 30
2 20
49 0
43 68
57 37
40 76
17 42
49 69
65 63
62 36
73 70
17 15
26 71
78 74
46 20
78 38
96 76
78 90
6 62
69 10
30 28
98 59
46 45
68 28
59 76
55 32
88 22
56 59
66 22
14 99
0 94
22 29
3 34
52 80
89 70
35 35
18 94
71 14
23 15
81 2
48 15
7 85
5 6
62 69
63 46
38 14
32 49
