# Penalty = 33644.119982
107
0 6
0 26
0 34
1 12
1 91
2 2
3 20
4 52
5 70
7 60
8 18
9 46
10 36
10 52
11 66
12 80
14 32
15 9
15 94
18 23
19 2
19 39
20 53
20 68
20 77
20 86
22 16
23 91
24 6
25 23
26 82
29 64
32 28
32 96
33 6
34 64
34 85
35 33
35 93
36 99
39 1
39 4
40 12
40 21
40 51
43 67
44 36
44 81
48 90
49 89
50 40
50 98
51 33
53 5
54 11
54 19
57 5
57 47
57 73
58 77
59 65
61 55
62 24
64 39
64 92
65 0
65 61
66 29
67 75
68 14
70 97
71 74
72 2
72 42
72 80
72 91
73 28
76 16
76 49
76 64
77 98
79 78
80 1
80 27
80 58
80 93
81 67
81 84
84 28
84 34
85 19
85 65
85 98
89 42
89 90
90 8
91 57
91 77
93 93
94 53
95 25
98 6
98 31
99 20
99 45
99 72
99 97
