# Penalty = 44454.433968783946
110
7 77
84 27
28 11
87 97
59 0
15 9
93 91
42 78
58 76
67 99
46 24
67 28
96 85
98 77
76 33
81 81
2 70
19 37
64 49
39 52
11 30
9 10
8 53
96 33
31 15
71 2
63 8
49 49
92 71
78 74
25 27
49 89
15 19
17 66
43 28
73 62
79 91
33 25
76 48
23 60
92 62
3 87
75 10
81 22
46 34
42 9
68 88
12 83
64 81
31 77
78 57
37 72
58 22
94 83
37 0
50 55
33 47
94 3
11 3
10 22
56 99
87 67
49 10
19 91
79 50
94 48
87 88
59 14
17 25
58 50
93 14
88 55
42 44
2 59
10 73
21 45
95 42
92 99
21 46
18 58
33 68
72 81
88 7
82 15
10 94
55 68
63 37
96 38
32 82
78 39
10 63
39 88
51 3
47 61
97 59
38 44
43 19
32 32
67 57
42 5
57 2
84 7
32 57
49 41
79 97
55 20
41 62
28 93
76 69
23 2
