# Penalty = 36646.85725932445
108
76 23
19 71
5 64
81 18
43 83
58 0
57 86
39 69
48 88
46 9
68 84
82 81
49 50
33 15
52 62
32 92
64 39
28 50
51 5
7 57
71 37
83 25
58 78
95 75
36 75
80 1
37 40
2 97
26 87
17 85
7 97
47 98
24 43
61 23
25 29
1 17
85 11
57 99
54 72
88 3
58 52
22 57
19 24
53 66
11 39
67 19
45 24
65 56
89 34
37 61
86 39
87 61
2 27
52 80
85 94
68 77
62 5
78 88
14 79
62 64
79 44
19 43
77 9
51 14
73 46
14 64
11 74
99 57
32 31
91 98
83 58
60 59
71 91
0 83
92 66
96 49
33 61
74 85
34 18
11 99
90 90
99 7
77 73
2 54
9 13
14 53
5 74
99 79
92 84
99 38
35 46
4 33
28 59
58 31
23 91
77 65
71 60
67 63
97 24
91 8
92 20
39 97
33 78
54 38
24 4
71 7
73 1
13 6
