# Penalty = 35475.118263
113
0 5
0 43
0 64
0 79
0 94
1 19
1 50
2 35
2 89
4 12
6 72
7 2
7 19
7 51
9 65
11 88
12 59
13 37
14 80
16 0
16 23
16 43
16 95
17 41
18 64
22 8
23 99
25 24
25 89
28 67
29 50
30 28
30 73
30 85
30 94
31 44
32 58
33 36
35 0
35 59
39 14
41 32
41 76
41 95
42 14
43 0
43 46
44 79
44 90
45 27
45 69
47 41
49 47
50 1
50 13
50 55
52 91
54 68
55 37
56 18
56 54
56 87
58 77
60 71
61 39
62 94
63 7
64 18
64 23
65 3
66 37
66 90
67 63
69 40
70 10
70 20
70 31
70 86
71 55
74 69
74 78
77 25
77 53
78 11
79 78
79 83
80 5
80 39
80 97
81 19
82 77
83 1
83 47
84 9
84 40
85 33
85 91
86 96
87 63
89 60
92 52
93 29
93 45
94 37
94 88
95 0
95 9
95 99
96 18
96 81
97 23
98 15
98 72
