# Penalty = 59025.28132397897
124
30 4
45 66
1 65
32 87
57 41
35 22
55 21
74 67
93 52
0 3
16 76
94 71
71 80
77 15
16 93
45 21
97 48
39 94
99 5
60 2
23 35
89 35
46 11
12 50
66 77
44 59
17 18
57 8
45 48
51 11
63 54
60 85
11 31
15 85
51 30
1 80
30 28
91 66
79 63
10 97
48 46
83 83
16 45
6 37
65 25
87 17
66 34
53 76
5 49
91 80
8 89
70 1
5 20
79 25
5 61
6 30
88 52
22 61
94 89
61 13
32 72
61 34
26 91
32 34
76 37
15 60
49 2
44 41
40 30
87 41
11 39
39 15
58 74
30 19
73 12
44 87
92 36
72 18
65 8
83 10
49 78
26 47
63 88
21 25
81 8
89 4
19 28
81 32
39 67
93 11
84 95
6 13
18 0
82 54
24 78
37 36
41 82
30 9
51 93
29 41
65 80
57 98
96 66
41 55
2 96
29 66
34 42
11 10
19 52
10 69
21 12
74 90
12 68
74 42
38 7
99 99
24 10
83 71
93 19
11 2
44 6
62 67
71 55
55 50
