# Penalty = 39667.163279475426
104
27 53
2 10
55 85
20 2
31 4
70 46
46 2
34 17
96 46
96 93
96 78
71 57
47 95
37 26
12 18
27 1
50 41
8 98
71 79
27 74
63 17
10 82
48 23
10 41
81 91
18 56
45 31
93 23
97 85
14 68
77 14
63 85
34 57
31 62
11 22
63 25
88 13
42 10
49 71
36 93
37 83
34 37
37 33
23 39
22 6
42 49
1 62
79 80
35 76
57 4
76 0
40 61
99 26
36 8
90 27
27 96
57 62
25 24
73 32
60 95
75 43
74 8
3 45
20 65
47 14
61 48
47 90
84 31
86 21
44 86
4 68
74 52
43 43
44 55
93 66
43 66
76 24
74 88
14 28
12 4
40 99
28 34
96 36
22 73
53 76
15 18
3 5
63 7
5 77
28 80
67 38
1 86
61 29
82 54
66 66
76 68
26 12
79 96
89 5
91 46
13 52
72 96
83 99
3 35
