# Penalty = 39173.704119
117
0 3
0 25
0 68
1 33
2 39
2 99
3 53
3 85
4 29
5 7
6 48
6 71
7 89
8 56
8 63
9 40
12 12
12 88
14 26
14 76
15 1
16 18
16 92
17 99
18 36
21 71
22 2
22 14
23 42
24 36
25 20
25 59
25 96
27 82
28 73
30 1
31 81
31 87
31 97
33 32
34 15
34 48
35 8
35 65
37 29
37 56
38 42
38 49
40 93
41 10
41 20
42 28
44 69
46 62
46 94
47 23
47 80
47 84
50 40
52 11
52 29
54 0
54 64
55 97
56 59
56 83
60 63
61 13
61 24
61 73
62 82
62 97
63 32
64 17
64 38
66 96
68 1
68 32
68 48
70 1
70 21
72 43
73 49
73 57
74 7
74 15
74 35
74 63
76 94
78 21
78 43
81 97
83 52
83 76
83 95
84 2
84 23
85 81
86 93
88 11
88 16
88 31
88 38
89 56
89 79
91 64
92 8
96 43
96 69
97 35
98 21
98 28
98 61
98 87
99 6
99 68
99 79
