# Penalty = 34654.490191
106
2 32
2 80
3 66
5 96
6 39
6 88
9 11
10 20
11 37
11 91
12 26
13 4
13 55
16 29
16 73
17 7
17 63
18 23
20 99
21 55
21 81
22 4
22 28
22 71
22 95
24 85
26 62
27 51
29 22
29 94
30 1
30 37
30 44
30 70
31 15
31 65
31 80
35 65
36 29
37 23
37 92
39 7
39 74
39 99
42 56
43 85
44 42
45 0
46 42
46 71
47 10
48 63
49 56
52 25
53 95
54 99
56 9
56 33
58 28
59 89
60 73
62 35
62 46
64 61
64 65
66 6
66 57
67 0
67 93
68 18
68 22
68 93
71 14
72 33
72 97
73 47
74 18
75 52
76 80
78 38
78 66
79 72
81 35
82 5
84 45
85 59
87 13
87 85
88 20
88 28
88 66
88 71
89 52
89 87
91 3
93 23
93 35
96 12
96 50
97 65
98 4
98 40
98 51
98 87
99 75
99 97
