# Penalty = 35532.635123144326
105
46 16
58 43
99 52
98 17
61 92
54 83
35 77
25 87
4 36
99 23
4 47
51 89
31 78
23 47
16 75
40 79
85 57
56 15
28 99
76 46
48 85
24 24
99 86
60 5
8 55
31 46
2 61
87 93
21 61
64 68
68 79
82 87
62 28
70 52
46 31
48 78
72 13
41 93
34 60
48 45
16 99
38 31
36 12
24 40
39 46
64 78
44 52
72 69
56 21
19 85
55 94
2 77
7 1
33 22
81 40
4 8
89 39
45 0
64 96
78 66
49 99
74 75
84 79
8 19
98 37
96 66
82 7
84 21
42 25
0 91
62 19
48 57
40 84
22 17
59 61
38 65
66 42
95 37
1 22
1 39
53 53
59 1
4 55
71 27
95 81
90 75
18 11
27 0
88 61
62 49
64 57
80 94
89 65
68 62
46 67
74 58
52 30
62 34
18 53
81 24
1 75
28 63
24 33
21 78
41 6
