# Penalty = 35141.121311
111
0 16
0 80
1 74
2 30
3 2
3 44
3 54
6 24
6 34
7 2
7 49
8 92
9 69
10 8
12 42
12 83
13 64
14 22
16 19
17 13
17 47
18 82
20 27
21 54
22 5
23 33
23 96
25 1
27 69
29 38
30 5
30 99
31 49
31 66
32 16
32 19
32 44
32 81
34 71
35 25
36 39
36 54
37 85
37 95
39 21
40 77
41 7
42 67
42 91
44 27
44 36
45 8
45 51
48 2
48 65
50 11
50 79
51 56
53 20
53 29
53 70
54 40
56 84
57 59
57 76
58 15
58 23
59 37
59 98
62 1
62 66
64 10
64 90
65 44
67 28
67 34
68 48
69 6
71 45
71 66
71 81
71 89
72 20
73 56
73 95
74 20
77 6
77 68
79 82
81 30
82 57
84 72
84 98
86 41
86 48
86 86
87 63
87 79
88 15
90 19
90 41
93 55
94 36
94 97
95 13
95 75
96 60
96 80
98 27
98 94
99 0
