# Penalty = 38481.625342
106
0 0
0 5
0 20
0 29
2 14
4 29
5 0
8 15
10 69
11 29
11 85
13 54
14 6
14 78
15 0
15 21
15 63
17 14
17 70
19 28
20 0
20 6
20 84
21 56
22 20
23 14
24 42
24 77
25 63
27 71
30 0
30 27
34 5
36 22
36 26
37 0
38 40
38 45
48 59
48 93
50 77
51 12
52 22
52 86
54 43
54 77
55 7
56 32
56 71
57 37
57 47
57 91
58 57
59 5
60 98
62 21
63 89
64 6
64 66
64 75
65 31
67 16
68 47
68 93
69 58
69 67
70 21
70 76
70 85
71 40
72 52
73 90
74 99
78 6
78 25
78 42
79 65
82 94
83 11
83 65
83 73
84 19
84 29
84 51
84 80
84 89
85 37
85 59
86 0
89 55
90 98
91 13
91 73
92 24
92 36
92 44
92 77
92 84
94 0
94 30
95 7
95 53
96 21
98 15
99 60
99 85
