# Penalty = 38270.72715408082
99
64 94
81 44
38 80
14 0
37 94
91 93
36 36
43 47
9 54
16 35
75 57
85 67
21 89
27 40
60 57
99 46
23 1
98 32
22 74
23 17
96 74
44 54
77 52
76 26
29 4
56 48
7 25
27 77
67 70
24 35
77 69
92 9
47 61
34 22
6 38
30 70
55 17
73 34
88 13
0 9
57 89
22 55
30 14
33 49
42 91
48 18
80 3
36 5
67 18
32 81
43 31
51 92
47 77
26 61
43 66
75 46
42 3
24 99
12 86
12 64
99 97
99 54
72 78
11 37
95 36
54 62
86 5
33 43
77 14
72 74
16 79
67 24
94 53
56 83
82 89
89 68
31 55
63 42
50 84
86 31
45 5
94 79
79 73
2 43
34 63
30 89
64 18
98 89
91 60
2 53
80 92
11 31
58 35
53 28
27 23
47 31
35 87
53 74
15 4
